{"D:\\kerjaan\\Hacktiv8\\phase_3\\final_project\\BackEnd\\app.js": {"path":"D:\\kerjaan\\Hacktiv8\\phase_3\\final_project\\BackEnd\\app.js","statementMap":{"0":{"start":{"line":1,"column":0},"end":{"line":3,"column":1}},"1":{"start":{"line":2,"column":4},"end":{"line":2,"column":30}},"2":{"start":{"line":5,"column":16},"end":{"line":5,"column":34}},"3":{"start":{"line":6,"column":15},"end":{"line":6,"column":41}},"4":{"start":{"line":7,"column":13},"end":{"line":7,"column":28}},"5":{"start":{"line":8,"column":12},"end":{"line":8,"column":21}},"6":{"start":{"line":10,"column":0},"end":{"line":10,"column":15}},"7":{"start":{"line":11,"column":0},"end":{"line":11,"column":47}},"8":{"start":{"line":12,"column":0},"end":{"line":12,"column":23}},"9":{"start":{"line":13,"column":0},"end":{"line":13,"column":15}},"10":{"start":{"line":15,"column":0},"end":{"line":15,"column":20}}},"fnMap":{},"branchMap":{"0":{"loc":{"start":{"line":1,"column":0},"end":{"line":3,"column":1}},"type":"if","locations":[{"start":{"line":1,"column":0},"end":{"line":3,"column":1}},{"start":{},"end":{}}],"line":1}},"s":{"0":5,"1":5,"2":5,"3":5,"4":5,"5":5,"6":5,"7":5,"8":5,"9":5,"10":5},"f":{},"b":{"0":[5,0]},"_coverageSchema":"1a1c01bbd47fc00a2c39e90264f33305004495a9","hash":"9ab919047a436cabcf9acf8abb42319a0153c72c"}
,"D:\\kerjaan\\Hacktiv8\\phase_3\\final_project\\BackEnd\\controllers\\activity.js": {"path":"D:\\kerjaan\\Hacktiv8\\phase_3\\final_project\\BackEnd\\controllers\\activity.js","statementMap":{"0":{"start":{"line":1,"column":41},"end":{"line":1,"column":61}},"1":{"start":{"line":2,"column":15},"end":{"line":2,"column":35}},"2":{"start":{"line":6,"column":8},"end":{"line":24,"column":9}},"3":{"start":{"line":7,"column":29},"end":{"line":19,"column":14}},"4":{"start":{"line":21,"column":12},"end":{"line":21,"column":42}},"5":{"start":{"line":23,"column":12},"end":{"line":23,"column":23}},"6":{"start":{"line":28,"column":8},"end":{"line":44,"column":9}},"7":{"start":{"line":29,"column":111},"end":{"line":29,"column":119}},"8":{"start":{"line":31,"column":12},"end":{"line":31,"column":147}},"9":{"start":{"line":31,"column":116},"end":{"line":31,"column":147}},"10":{"start":{"line":33,"column":32},"end":{"line":33,"column":163}},"11":{"start":{"line":34,"column":12},"end":{"line":39,"column":14}},"12":{"start":{"line":41,"column":12},"end":{"line":41,"column":83}},"13":{"start":{"line":43,"column":12},"end":{"line":43,"column":23}},"14":{"start":{"line":48,"column":8},"end":{"line":62,"column":9}},"15":{"start":{"line":49,"column":27},"end":{"line":49,"column":37}},"16":{"start":{"line":50,"column":119},"end":{"line":50,"column":127}},"17":{"start":{"line":52,"column":12},"end":{"line":52,"column":158}},"18":{"start":{"line":52,"column":127},"end":{"line":52,"column":158}},"19":{"start":{"line":54,"column":29},"end":{"line":54,"column":56}},"20":{"start":{"line":55,"column":12},"end":{"line":55,"column":55}},"21":{"start":{"line":55,"column":27},"end":{"line":55,"column":55}},"22":{"start":{"line":57,"column":12},"end":{"line":57,"column":147}},"23":{"start":{"line":59,"column":12},"end":{"line":59,"column":78}},"24":{"start":{"line":61,"column":12},"end":{"line":61,"column":23}},"25":{"start":{"line":66,"column":8},"end":{"line":87,"column":9}},"26":{"start":{"line":67,"column":27},"end":{"line":67,"column":37}},"27":{"start":{"line":69,"column":29},"end":{"line":81,"column":14}},"28":{"start":{"line":82,"column":12},"end":{"line":82,"column":55}},"29":{"start":{"line":82,"column":27},"end":{"line":82,"column":55}},"30":{"start":{"line":84,"column":12},"end":{"line":84,"column":42}},"31":{"start":{"line":86,"column":12},"end":{"line":86,"column":23}},"32":{"start":{"line":91,"column":8},"end":{"line":102,"column":9}},"33":{"start":{"line":92,"column":27},"end":{"line":92,"column":37}},"34":{"start":{"line":94,"column":29},"end":{"line":94,"column":56}},"35":{"start":{"line":95,"column":12},"end":{"line":95,"column":55}},"36":{"start":{"line":95,"column":27},"end":{"line":95,"column":55}},"37":{"start":{"line":97,"column":12},"end":{"line":97,"column":52}},"38":{"start":{"line":99,"column":12},"end":{"line":99,"column":87}},"39":{"start":{"line":101,"column":12},"end":{"line":101,"column":23}},"40":{"start":{"line":106,"column":8},"end":{"line":126,"column":9}},"41":{"start":{"line":107,"column":27},"end":{"line":107,"column":37}},"42":{"start":{"line":109,"column":29},"end":{"line":109,"column":56}},"43":{"start":{"line":110,"column":12},"end":{"line":110,"column":55}},"44":{"start":{"line":110,"column":27},"end":{"line":110,"column":55}},"45":{"start":{"line":112,"column":33},"end":{"line":118,"column":14}},"46":{"start":{"line":119,"column":12},"end":{"line":119,"column":60}},"47":{"start":{"line":119,"column":31},"end":{"line":119,"column":60}},"48":{"start":{"line":121,"column":12},"end":{"line":121,"column":76}},"49":{"start":{"line":123,"column":12},"end":{"line":123,"column":76}},"50":{"start":{"line":125,"column":12},"end":{"line":125,"column":23}},"51":{"start":{"line":130,"column":8},"end":{"line":181,"column":9}},"52":{"start":{"line":132,"column":27},"end":{"line":132,"column":37}},"53":{"start":{"line":134,"column":33},"end":{"line":134,"column":41}},"54":{"start":{"line":143,"column":29},"end":{"line":143,"column":56}},"55":{"start":{"line":144,"column":12},"end":{"line":144,"column":55}},"56":{"start":{"line":144,"column":27},"end":{"line":144,"column":55}},"57":{"start":{"line":147,"column":12},"end":{"line":151,"column":13}},"58":{"start":{"line":148,"column":32},"end":{"line":148,"column":63}},"59":{"start":{"line":149,"column":16},"end":{"line":149,"column":54}},"60":{"start":{"line":149,"column":32},"end":{"line":149,"column":54}},"61":{"start":{"line":150,"column":16},"end":{"line":150,"column":91}},"62":{"start":{"line":154,"column":31},"end":{"line":154,"column":65}},"63":{"start":{"line":155,"column":12},"end":{"line":155,"column":83}},"64":{"start":{"line":157,"column":12},"end":{"line":157,"column":53}},"65":{"start":{"line":159,"column":12},"end":{"line":159,"column":66}},"66":{"start":{"line":180,"column":12},"end":{"line":180,"column":23}},"67":{"start":{"line":185,"column":0},"end":{"line":185,"column":35}}},"fnMap":{"0":{"name":"(anonymous_0)","decl":{"start":{"line":5,"column":4},"end":{"line":5,"column":5}},"loc":{"start":{"line":5,"column":45},"end":{"line":25,"column":5}},"line":5},"1":{"name":"(anonymous_1)","decl":{"start":{"line":27,"column":4},"end":{"line":27,"column":5}},"loc":{"start":{"line":27,"column":46},"end":{"line":45,"column":5}},"line":27},"2":{"name":"(anonymous_2)","decl":{"start":{"line":47,"column":4},"end":{"line":47,"column":5}},"loc":{"start":{"line":47,"column":48},"end":{"line":63,"column":5}},"line":47},"3":{"name":"(anonymous_3)","decl":{"start":{"line":65,"column":4},"end":{"line":65,"column":5}},"loc":{"start":{"line":65,"column":51},"end":{"line":88,"column":5}},"line":65},"4":{"name":"(anonymous_4)","decl":{"start":{"line":90,"column":4},"end":{"line":90,"column":5}},"loc":{"start":{"line":90,"column":48},"end":{"line":103,"column":5}},"line":90},"5":{"name":"(anonymous_5)","decl":{"start":{"line":105,"column":4},"end":{"line":105,"column":5}},"loc":{"start":{"line":105,"column":48},"end":{"line":127,"column":5}},"line":105},"6":{"name":"(anonymous_6)","decl":{"start":{"line":129,"column":4},"end":{"line":129,"column":5}},"loc":{"start":{"line":129,"column":48},"end":{"line":182,"column":5}},"line":129}},"branchMap":{"0":{"loc":{"start":{"line":31,"column":12},"end":{"line":31,"column":147}},"type":"if","locations":[{"start":{"line":31,"column":12},"end":{"line":31,"column":147}},{"start":{},"end":{}}],"line":31},"1":{"loc":{"start":{"line":31,"column":16},"end":{"line":31,"column":114}},"type":"binary-expr","locations":[{"start":{"line":31,"column":16},"end":{"line":31,"column":21}},{"start":{"line":31,"column":25},"end":{"line":31,"column":37}},{"start":{"line":31,"column":41},"end":{"line":31,"column":50}},{"start":{"line":31,"column":54},"end":{"line":31,"column":61}},{"start":{"line":31,"column":65},"end":{"line":31,"column":77}},{"start":{"line":31,"column":81},"end":{"line":31,"column":88}},{"start":{"line":31,"column":92},"end":{"line":31,"column":101}},{"start":{"line":31,"column":105},"end":{"line":31,"column":114}}],"line":31},"2":{"loc":{"start":{"line":52,"column":12},"end":{"line":52,"column":158}},"type":"if","locations":[{"start":{"line":52,"column":12},"end":{"line":52,"column":158}},{"start":{},"end":{}}],"line":52},"3":{"loc":{"start":{"line":52,"column":16},"end":{"line":52,"column":125}},"type":"binary-expr","locations":[{"start":{"line":52,"column":16},"end":{"line":52,"column":21}},{"start":{"line":52,"column":25},"end":{"line":52,"column":37}},{"start":{"line":52,"column":41},"end":{"line":52,"column":50}},{"start":{"line":52,"column":54},"end":{"line":52,"column":61}},{"start":{"line":52,"column":65},"end":{"line":52,"column":77}},{"start":{"line":52,"column":81},"end":{"line":52,"column":88}},{"start":{"line":52,"column":92},"end":{"line":52,"column":101}},{"start":{"line":52,"column":105},"end":{"line":52,"column":114}},{"start":{"line":52,"column":118},"end":{"line":52,"column":125}}],"line":52},"4":{"loc":{"start":{"line":55,"column":12},"end":{"line":55,"column":55}},"type":"if","locations":[{"start":{"line":55,"column":12},"end":{"line":55,"column":55}},{"start":{},"end":{}}],"line":55},"5":{"loc":{"start":{"line":82,"column":12},"end":{"line":82,"column":55}},"type":"if","locations":[{"start":{"line":82,"column":12},"end":{"line":82,"column":55}},{"start":{},"end":{}}],"line":82},"6":{"loc":{"start":{"line":95,"column":12},"end":{"line":95,"column":55}},"type":"if","locations":[{"start":{"line":95,"column":12},"end":{"line":95,"column":55}},{"start":{},"end":{}}],"line":95},"7":{"loc":{"start":{"line":110,"column":12},"end":{"line":110,"column":55}},"type":"if","locations":[{"start":{"line":110,"column":12},"end":{"line":110,"column":55}},{"start":{},"end":{}}],"line":110},"8":{"loc":{"start":{"line":119,"column":12},"end":{"line":119,"column":60}},"type":"if","locations":[{"start":{"line":119,"column":12},"end":{"line":119,"column":60}},{"start":{},"end":{}}],"line":119},"9":{"loc":{"start":{"line":144,"column":12},"end":{"line":144,"column":55}},"type":"if","locations":[{"start":{"line":144,"column":12},"end":{"line":144,"column":55}},{"start":{},"end":{}}],"line":144},"10":{"loc":{"start":{"line":149,"column":16},"end":{"line":149,"column":54}},"type":"if","locations":[{"start":{"line":149,"column":16},"end":{"line":149,"column":54}},{"start":{},"end":{}}],"line":149}},"s":{"0":5,"1":5,"2":1,"3":1,"4":1,"5":0,"6":6,"7":6,"8":6,"9":1,"10":5,"11":1,"12":1,"13":5,"14":2,"15":2,"16":2,"17":2,"18":1,"19":1,"20":1,"21":0,"22":1,"23":1,"24":1,"25":2,"26":2,"27":2,"28":2,"29":1,"30":1,"31":1,"32":2,"33":2,"34":2,"35":2,"36":1,"37":1,"38":1,"39":1,"40":0,"41":0,"42":0,"43":0,"44":0,"45":0,"46":0,"47":0,"48":0,"49":0,"50":0,"51":0,"52":0,"53":0,"54":0,"55":0,"56":0,"57":0,"58":0,"59":0,"60":0,"61":0,"62":0,"63":0,"64":0,"65":0,"66":0,"67":5},"f":{"0":1,"1":6,"2":2,"3":2,"4":2,"5":0,"6":0},"b":{"0":[1,5],"1":[6,5,5,5,5,5,5,5],"2":[1,1],"3":[2,1,1,1,1,1,1,1,1],"4":[0,1],"5":[1,1],"6":[1,1],"7":[0,0],"8":[0,0],"9":[0,0],"10":[0,0]},"_coverageSchema":"1a1c01bbd47fc00a2c39e90264f33305004495a9","hash":"6c33ca7cecd595d2110f9ed9817231df754b4d19"}
,"D:\\kerjaan\\Hacktiv8\\phase_3\\final_project\\BackEnd\\controllers\\reward.js": {"path":"D:\\kerjaan\\Hacktiv8\\phase_3\\final_project\\BackEnd\\controllers\\reward.js","statementMap":{"0":{"start":{"line":1,"column":19},"end":{"line":1,"column":39}},"1":{"start":{"line":5,"column":8},"end":{"line":15,"column":9}},"2":{"start":{"line":6,"column":27},"end":{"line":10,"column":14}},"3":{"start":{"line":12,"column":12},"end":{"line":12,"column":40}},"4":{"start":{"line":14,"column":12},"end":{"line":14,"column":23}},"5":{"start":{"line":19,"column":0},"end":{"line":19,"column":33}}},"fnMap":{"0":{"name":"(anonymous_0)","decl":{"start":{"line":4,"column":4},"end":{"line":4,"column":5}},"loc":{"start":{"line":4,"column":43},"end":{"line":16,"column":5}},"line":4}},"branchMap":{},"s":{"0":5,"1":1,"2":1,"3":1,"4":0,"5":5},"f":{"0":1},"b":{},"_coverageSchema":"1a1c01bbd47fc00a2c39e90264f33305004495a9","hash":"818042623891ce870593f25f7133934324e8f865"}
,"D:\\kerjaan\\Hacktiv8\\phase_3\\final_project\\BackEnd\\controllers\\user.js": {"path":"D:\\kerjaan\\Hacktiv8\\phase_3\\final_project\\BackEnd\\controllers\\user.js","statementMap":{"0":{"start":{"line":1,"column":28},"end":{"line":1,"column":56}},"1":{"start":{"line":2,"column":22},"end":{"line":2,"column":47}},"2":{"start":{"line":3,"column":17},"end":{"line":3,"column":37}},"3":{"start":{"line":4,"column":23},"end":{"line":4,"column":49}},"4":{"start":{"line":5,"column":25},"end":{"line":5,"column":55}},"5":{"start":{"line":9,"column":8},"end":{"line":21,"column":9}},"6":{"start":{"line":10,"column":46},"end":{"line":10,"column":54}},"7":{"start":{"line":12,"column":12},"end":{"line":12,"column":77}},"8":{"start":{"line":12,"column":46},"end":{"line":12,"column":77}},"9":{"start":{"line":14,"column":12},"end":{"line":16,"column":14}},"10":{"start":{"line":18,"column":12},"end":{"line":18,"column":73}},"11":{"start":{"line":20,"column":12},"end":{"line":20,"column":23}},"12":{"start":{"line":25,"column":8},"end":{"line":49,"column":9}},"13":{"start":{"line":26,"column":40},"end":{"line":26,"column":48}},"14":{"start":{"line":27,"column":12},"end":{"line":27,"column":68}},"15":{"start":{"line":27,"column":37},"end":{"line":27,"column":68}},"16":{"start":{"line":29,"column":23},"end":{"line":34,"column":13}},"17":{"start":{"line":35,"column":12},"end":{"line":35,"column":63}},"18":{"start":{"line":35,"column":23},"end":{"line":35,"column":63}},"19":{"start":{"line":37,"column":28},"end":{"line":37,"column":68}},"20":{"start":{"line":38,"column":12},"end":{"line":38,"column":66}},"21":{"start":{"line":38,"column":26},"end":{"line":38,"column":66}},"22":{"start":{"line":39,"column":26},"end":{"line":39,"column":66}},"23":{"start":{"line":40,"column":12},"end":{"line":44,"column":14}},"24":{"start":{"line":46,"column":12},"end":{"line":46,"column":73}},"25":{"start":{"line":48,"column":12},"end":{"line":48,"column":23}},"26":{"start":{"line":53,"column":8},"end":{"line":81,"column":9}},"27":{"start":{"line":54,"column":27},"end":{"line":54,"column":73}},"28":{"start":{"line":55,"column":27},"end":{"line":58,"column":14}},"29":{"start":{"line":59,"column":36},"end":{"line":59,"column":55}},"30":{"start":{"line":61,"column":34},"end":{"line":71,"column":14}},"31":{"start":{"line":73,"column":26},"end":{"line":76,"column":14}},"32":{"start":{"line":78,"column":12},"end":{"line":78,"column":71}},"33":{"start":{"line":80,"column":12},"end":{"line":80,"column":23}},"34":{"start":{"line":85,"column":8},"end":{"line":102,"column":9}},"35":{"start":{"line":86,"column":23},"end":{"line":86,"column":37}},"36":{"start":{"line":87,"column":12},"end":{"line":87,"column":49}},"37":{"start":{"line":88,"column":12},"end":{"line":88,"column":58}},"38":{"start":{"line":88,"column":36},"end":{"line":88,"column":58}},"39":{"start":{"line":89,"column":23},"end":{"line":93,"column":14}},"40":{"start":{"line":95,"column":12},"end":{"line":97,"column":13}},"41":{"start":{"line":96,"column":16},"end":{"line":96,"column":42}},"42":{"start":{"line":99,"column":12},"end":{"line":99,"column":38}},"43":{"start":{"line":101,"column":12},"end":{"line":101,"column":23}},"44":{"start":{"line":106,"column":8},"end":{"line":116,"column":9}},"45":{"start":{"line":107,"column":71},"end":{"line":107,"column":79}},"46":{"start":{"line":108,"column":12},"end":{"line":108,"column":77}},"47":{"start":{"line":108,"column":46},"end":{"line":108,"column":77}},"48":{"start":{"line":109,"column":27},"end":{"line":109,"column":37}},"49":{"start":{"line":111,"column":12},"end":{"line":111,"column":94}},"50":{"start":{"line":113,"column":12},"end":{"line":113,"column":92}},"51":{"start":{"line":115,"column":12},"end":{"line":115,"column":23}},"52":{"start":{"line":120,"column":8},"end":{"line":133,"column":9}},"53":{"start":{"line":121,"column":27},"end":{"line":121,"column":37}},"54":{"start":{"line":123,"column":27},"end":{"line":123,"column":50}},"55":{"start":{"line":124,"column":12},"end":{"line":124,"column":53}},"56":{"start":{"line":124,"column":25},"end":{"line":124,"column":53}},"57":{"start":{"line":126,"column":12},"end":{"line":128,"column":14}},"58":{"start":{"line":130,"column":12},"end":{"line":130,"column":89}},"59":{"start":{"line":132,"column":12},"end":{"line":132,"column":23}},"60":{"start":{"line":137,"column":8},"end":{"line":165,"column":9}},"61":{"start":{"line":138,"column":25},"end":{"line":138,"column":57}},"62":{"start":{"line":140,"column":23},"end":{"line":143,"column":14}},"63":{"start":{"line":145,"column":28},"end":{"line":157,"column":13}},"64":{"start":{"line":159,"column":34},"end":{"line":159,"column":73}},"65":{"start":{"line":160,"column":12},"end":{"line":160,"column":78}},"66":{"start":{"line":162,"column":12},"end":{"line":162,"column":47}},"67":{"start":{"line":164,"column":12},"end":{"line":164,"column":23}},"68":{"start":{"line":171,"column":0},"end":{"line":171,"column":31}}},"fnMap":{"0":{"name":"(anonymous_0)","decl":{"start":{"line":8,"column":4},"end":{"line":8,"column":5}},"loc":{"start":{"line":8,"column":42},"end":{"line":22,"column":5}},"line":8},"1":{"name":"(anonymous_1)","decl":{"start":{"line":24,"column":4},"end":{"line":24,"column":5}},"loc":{"start":{"line":24,"column":39},"end":{"line":50,"column":5}},"line":24},"2":{"name":"(anonymous_2)","decl":{"start":{"line":52,"column":4},"end":{"line":52,"column":5}},"loc":{"start":{"line":52,"column":45},"end":{"line":82,"column":5}},"line":52},"3":{"name":"(anonymous_3)","decl":{"start":{"line":84,"column":4},"end":{"line":84,"column":5}},"loc":{"start":{"line":84,"column":45},"end":{"line":103,"column":5}},"line":84},"4":{"name":"(anonymous_4)","decl":{"start":{"line":105,"column":4},"end":{"line":105,"column":5}},"loc":{"start":{"line":105,"column":42},"end":{"line":117,"column":5}},"line":105},"5":{"name":"(anonymous_5)","decl":{"start":{"line":119,"column":4},"end":{"line":119,"column":5}},"loc":{"start":{"line":119,"column":44},"end":{"line":134,"column":5}},"line":119},"6":{"name":"(anonymous_6)","decl":{"start":{"line":136,"column":4},"end":{"line":136,"column":5}},"loc":{"start":{"line":136,"column":55},"end":{"line":166,"column":5}},"line":136}},"branchMap":{"0":{"loc":{"start":{"line":12,"column":12},"end":{"line":12,"column":77}},"type":"if","locations":[{"start":{"line":12,"column":12},"end":{"line":12,"column":77}},{"start":{},"end":{}}],"line":12},"1":{"loc":{"start":{"line":12,"column":16},"end":{"line":12,"column":44}},"type":"binary-expr","locations":[{"start":{"line":12,"column":16},"end":{"line":12,"column":21}},{"start":{"line":12,"column":25},"end":{"line":12,"column":34}},{"start":{"line":12,"column":38},"end":{"line":12,"column":44}}],"line":12},"2":{"loc":{"start":{"line":27,"column":12},"end":{"line":27,"column":68}},"type":"if","locations":[{"start":{"line":27,"column":12},"end":{"line":27,"column":68}},{"start":{},"end":{}}],"line":27},"3":{"loc":{"start":{"line":27,"column":16},"end":{"line":27,"column":35}},"type":"binary-expr","locations":[{"start":{"line":27,"column":16},"end":{"line":27,"column":22}},{"start":{"line":27,"column":26},"end":{"line":27,"column":35}}],"line":27},"4":{"loc":{"start":{"line":35,"column":12},"end":{"line":35,"column":63}},"type":"if","locations":[{"start":{"line":35,"column":12},"end":{"line":35,"column":63}},{"start":{},"end":{}}],"line":35},"5":{"loc":{"start":{"line":38,"column":12},"end":{"line":38,"column":66}},"type":"if","locations":[{"start":{"line":38,"column":12},"end":{"line":38,"column":66}},{"start":{},"end":{}}],"line":38},"6":{"loc":{"start":{"line":88,"column":12},"end":{"line":88,"column":58}},"type":"if","locations":[{"start":{"line":88,"column":12},"end":{"line":88,"column":58}},{"start":{},"end":{}}],"line":88},"7":{"loc":{"start":{"line":95,"column":12},"end":{"line":97,"column":13}},"type":"if","locations":[{"start":{"line":95,"column":12},"end":{"line":97,"column":13}},{"start":{},"end":{}}],"line":95},"8":{"loc":{"start":{"line":108,"column":12},"end":{"line":108,"column":77}},"type":"if","locations":[{"start":{"line":108,"column":12},"end":{"line":108,"column":77}},{"start":{},"end":{}}],"line":108},"9":{"loc":{"start":{"line":108,"column":16},"end":{"line":108,"column":44}},"type":"binary-expr","locations":[{"start":{"line":108,"column":16},"end":{"line":108,"column":21}},{"start":{"line":108,"column":25},"end":{"line":108,"column":34}},{"start":{"line":108,"column":38},"end":{"line":108,"column":44}}],"line":108},"10":{"loc":{"start":{"line":124,"column":12},"end":{"line":124,"column":53}},"type":"if","locations":[{"start":{"line":124,"column":12},"end":{"line":124,"column":53}},{"start":{},"end":{}}],"line":124}},"s":{"0":5,"1":5,"2":5,"3":5,"4":5,"5":6,"6":6,"7":6,"8":3,"9":3,"10":1,"11":5,"12":3,"13":3,"14":3,"15":0,"16":3,"17":3,"18":1,"19":2,"20":2,"21":1,"22":1,"23":1,"24":1,"25":2,"26":0,"27":0,"28":0,"29":0,"30":0,"31":0,"32":0,"33":0,"34":2,"35":2,"36":2,"37":2,"38":1,"39":1,"40":1,"41":0,"42":1,"43":1,"44":2,"45":2,"46":2,"47":1,"48":1,"49":1,"50":1,"51":1,"52":1,"53":1,"54":1,"55":1,"56":0,"57":1,"58":1,"59":0,"60":0,"61":0,"62":0,"63":0,"64":0,"65":0,"66":0,"67":0,"68":5},"f":{"0":6,"1":3,"2":0,"3":2,"4":2,"5":1,"6":0},"b":{"0":[3,3],"1":[6,5,4],"2":[0,3],"3":[3,3],"4":[1,2],"5":[1,1],"6":[1,1],"7":[0,1],"8":[1,1],"9":[2,1,1],"10":[0,1]},"_coverageSchema":"1a1c01bbd47fc00a2c39e90264f33305004495a9","hash":"ac28f4e5dcceb408b57b740b1d4bcef740fed1dd"}
,"D:\\kerjaan\\Hacktiv8\\phase_3\\final_project\\BackEnd\\controllers\\userActivity.js": {"path":"D:\\kerjaan\\Hacktiv8\\phase_3\\final_project\\BackEnd\\controllers\\userActivity.js","statementMap":{"0":{"start":{"line":1,"column":41},"end":{"line":1,"column":61}},"1":{"start":{"line":5,"column":8},"end":{"line":34,"column":9}},"2":{"start":{"line":6,"column":33},"end":{"line":25,"column":14}},"3":{"start":{"line":27,"column":12},"end":{"line":29,"column":13}},"4":{"start":{"line":28,"column":16},"end":{"line":28,"column":94}},"5":{"start":{"line":31,"column":12},"end":{"line":31,"column":46}},"6":{"start":{"line":33,"column":12},"end":{"line":33,"column":23}},"7":{"start":{"line":38,"column":8},"end":{"line":67,"column":9}},"8":{"start":{"line":39,"column":27},"end":{"line":39,"column":37}},"9":{"start":{"line":41,"column":33},"end":{"line":60,"column":14}},"10":{"start":{"line":62,"column":12},"end":{"line":62,"column":59}},"11":{"start":{"line":62,"column":31},"end":{"line":62,"column":59}},"12":{"start":{"line":64,"column":12},"end":{"line":64,"column":46}},"13":{"start":{"line":66,"column":12},"end":{"line":66,"column":23}},"14":{"start":{"line":71,"column":8},"end":{"line":89,"column":9}},"15":{"start":{"line":72,"column":35},"end":{"line":72,"column":43}},"16":{"start":{"line":74,"column":12},"end":{"line":74,"column":60}},"17":{"start":{"line":74,"column":29},"end":{"line":74,"column":60}},"18":{"start":{"line":76,"column":27},"end":{"line":81,"column":14}},"19":{"start":{"line":82,"column":12},"end":{"line":82,"column":55}},"20":{"start":{"line":82,"column":24},"end":{"line":82,"column":55}},"21":{"start":{"line":84,"column":12},"end":{"line":84,"column":95}},"22":{"start":{"line":86,"column":12},"end":{"line":86,"column":83}},"23":{"start":{"line":88,"column":12},"end":{"line":88,"column":23}},"24":{"start":{"line":93,"column":8},"end":{"line":104,"column":9}},"25":{"start":{"line":94,"column":27},"end":{"line":94,"column":37}},"26":{"start":{"line":96,"column":35},"end":{"line":96,"column":66}},"27":{"start":{"line":97,"column":12},"end":{"line":97,"column":61}},"28":{"start":{"line":97,"column":33},"end":{"line":97,"column":61}},"29":{"start":{"line":99,"column":12},"end":{"line":99,"column":56}},"30":{"start":{"line":101,"column":12},"end":{"line":101,"column":81}},"31":{"start":{"line":103,"column":12},"end":{"line":103,"column":23}},"32":{"start":{"line":108,"column":0},"end":{"line":108,"column":39}}},"fnMap":{"0":{"name":"(anonymous_0)","decl":{"start":{"line":4,"column":4},"end":{"line":4,"column":5}},"loc":{"start":{"line":4,"column":49},"end":{"line":35,"column":5}},"line":4},"1":{"name":"(anonymous_1)","decl":{"start":{"line":37,"column":4},"end":{"line":37,"column":5}},"loc":{"start":{"line":37,"column":52},"end":{"line":68,"column":5}},"line":37},"2":{"name":"(anonymous_2)","decl":{"start":{"line":70,"column":4},"end":{"line":70,"column":5}},"loc":{"start":{"line":70,"column":50},"end":{"line":90,"column":5}},"line":70},"3":{"name":"(anonymous_3)","decl":{"start":{"line":92,"column":4},"end":{"line":92,"column":5}},"loc":{"start":{"line":92,"column":52},"end":{"line":105,"column":5}},"line":92}},"branchMap":{"0":{"loc":{"start":{"line":27,"column":12},"end":{"line":29,"column":13}},"type":"if","locations":[{"start":{"line":27,"column":12},"end":{"line":29,"column":13}},{"start":{},"end":{}}],"line":27},"1":{"loc":{"start":{"line":62,"column":12},"end":{"line":62,"column":59}},"type":"if","locations":[{"start":{"line":62,"column":12},"end":{"line":62,"column":59}},{"start":{},"end":{}}],"line":62},"2":{"loc":{"start":{"line":74,"column":12},"end":{"line":74,"column":60}},"type":"if","locations":[{"start":{"line":74,"column":12},"end":{"line":74,"column":60}},{"start":{},"end":{}}],"line":74},"3":{"loc":{"start":{"line":82,"column":12},"end":{"line":82,"column":55}},"type":"if","locations":[{"start":{"line":82,"column":12},"end":{"line":82,"column":55}},{"start":{},"end":{}}],"line":82},"4":{"loc":{"start":{"line":97,"column":12},"end":{"line":97,"column":61}},"type":"if","locations":[{"start":{"line":97,"column":12},"end":{"line":97,"column":61}},{"start":{},"end":{}}],"line":97}},"s":{"0":5,"1":1,"2":1,"3":1,"4":0,"5":1,"6":0,"7":2,"8":2,"9":2,"10":2,"11":1,"12":1,"13":1,"14":3,"15":3,"16":3,"17":1,"18":2,"19":2,"20":1,"21":1,"22":1,"23":2,"24":2,"25":2,"26":2,"27":2,"28":1,"29":1,"30":1,"31":1,"32":5},"f":{"0":1,"1":2,"2":3,"3":2},"b":{"0":[0,1],"1":[1,1],"2":[1,2],"3":[1,1],"4":[1,1]},"_coverageSchema":"1a1c01bbd47fc00a2c39e90264f33305004495a9","hash":"af69695c874881bd672b08407506219547b3199e"}
,"D:\\kerjaan\\Hacktiv8\\phase_3\\final_project\\BackEnd\\controllers\\userReward.js": {"path":"D:\\kerjaan\\Hacktiv8\\phase_3\\final_project\\BackEnd\\controllers\\userReward.js","statementMap":{"0":{"start":{"line":1,"column":37},"end":{"line":1,"column":57}},"1":{"start":{"line":5,"column":8},"end":{"line":30,"column":9}},"2":{"start":{"line":6,"column":31},"end":{"line":25,"column":14}},"3":{"start":{"line":27,"column":12},"end":{"line":27,"column":44}},"4":{"start":{"line":29,"column":12},"end":{"line":29,"column":23}},"5":{"start":{"line":34,"column":8},"end":{"line":63,"column":9}},"6":{"start":{"line":35,"column":27},"end":{"line":35,"column":37}},"7":{"start":{"line":37,"column":31},"end":{"line":56,"column":14}},"8":{"start":{"line":58,"column":12},"end":{"line":58,"column":57}},"9":{"start":{"line":58,"column":29},"end":{"line":58,"column":57}},"10":{"start":{"line":60,"column":12},"end":{"line":60,"column":44}},"11":{"start":{"line":62,"column":12},"end":{"line":62,"column":23}},"12":{"start":{"line":67,"column":8},"end":{"line":88,"column":9}},"13":{"start":{"line":68,"column":33},"end":{"line":68,"column":41}},"14":{"start":{"line":70,"column":12},"end":{"line":70,"column":58}},"15":{"start":{"line":70,"column":27},"end":{"line":70,"column":58}},"16":{"start":{"line":72,"column":30},"end":{"line":77,"column":14}},"17":{"start":{"line":78,"column":12},"end":{"line":78,"column":61}},"18":{"start":{"line":78,"column":27},"end":{"line":78,"column":61}},"19":{"start":{"line":80,"column":30},"end":{"line":80,"column":61}},"20":{"start":{"line":82,"column":12},"end":{"line":82,"column":89}},"21":{"start":{"line":83,"column":12},"end":{"line":83,"column":87}},"22":{"start":{"line":85,"column":12},"end":{"line":85,"column":81}},"23":{"start":{"line":87,"column":12},"end":{"line":87,"column":23}},"24":{"start":{"line":92,"column":0},"end":{"line":92,"column":37}}},"fnMap":{"0":{"name":"(anonymous_0)","decl":{"start":{"line":4,"column":4},"end":{"line":4,"column":5}},"loc":{"start":{"line":4,"column":40},"end":{"line":31,"column":5}},"line":4},"1":{"name":"(anonymous_1)","decl":{"start":{"line":33,"column":4},"end":{"line":33,"column":5}},"loc":{"start":{"line":33,"column":43},"end":{"line":64,"column":5}},"line":33},"2":{"name":"(anonymous_2)","decl":{"start":{"line":66,"column":4},"end":{"line":66,"column":5}},"loc":{"start":{"line":66,"column":45},"end":{"line":89,"column":5}},"line":66}},"branchMap":{"0":{"loc":{"start":{"line":58,"column":12},"end":{"line":58,"column":57}},"type":"if","locations":[{"start":{"line":58,"column":12},"end":{"line":58,"column":57}},{"start":{},"end":{}}],"line":58},"1":{"loc":{"start":{"line":70,"column":12},"end":{"line":70,"column":58}},"type":"if","locations":[{"start":{"line":70,"column":12},"end":{"line":70,"column":58}},{"start":{},"end":{}}],"line":70},"2":{"loc":{"start":{"line":78,"column":12},"end":{"line":78,"column":61}},"type":"if","locations":[{"start":{"line":78,"column":12},"end":{"line":78,"column":61}},{"start":{},"end":{}}],"line":78}},"s":{"0":5,"1":1,"2":1,"3":1,"4":0,"5":2,"6":2,"7":2,"8":2,"9":1,"10":1,"11":1,"12":2,"13":2,"14":2,"15":0,"16":2,"17":2,"18":1,"19":1,"20":1,"21":1,"22":1,"23":1,"24":5},"f":{"0":1,"1":2,"2":2},"b":{"0":[1,1],"1":[0,2],"2":[1,1]},"_coverageSchema":"1a1c01bbd47fc00a2c39e90264f33305004495a9","hash":"9847ae6a20c4938780064600bec09321b125e5ff"}
,"D:\\kerjaan\\Hacktiv8\\phase_3\\final_project\\BackEnd\\helpers\\bcrypt.js": {"path":"D:\\kerjaan\\Hacktiv8\\phase_3\\final_project\\BackEnd\\helpers\\bcrypt.js","statementMap":{"0":{"start":{"line":1,"column":15},"end":{"line":1,"column":34}},"1":{"start":{"line":2,"column":13},"end":{"line":2,"column":34}},"2":{"start":{"line":5,"column":4},"end":{"line":5,"column":42}},"3":{"start":{"line":9,"column":4},"end":{"line":9,"column":48}},"4":{"start":{"line":12,"column":0},"end":{"line":15,"column":1}}},"fnMap":{"0":{"name":"hashPassword","decl":{"start":{"line":4,"column":9},"end":{"line":4,"column":21}},"loc":{"start":{"line":4,"column":32},"end":{"line":6,"column":1}},"line":4},"1":{"name":"comparePassword","decl":{"start":{"line":8,"column":9},"end":{"line":8,"column":24}},"loc":{"start":{"line":8,"column":44},"end":{"line":10,"column":1}},"line":8}},"branchMap":{},"s":{"0":5,"1":5,"2":17,"3":2,"4":5},"f":{"0":17,"1":2},"b":{},"_coverageSchema":"1a1c01bbd47fc00a2c39e90264f33305004495a9","hash":"b21ce3791b362089e130e2b7c6d9d57e34ade857"}
,"D:\\kerjaan\\Hacktiv8\\phase_3\\final_project\\BackEnd\\helpers\\jwt.js": {"path":"D:\\kerjaan\\Hacktiv8\\phase_3\\final_project\\BackEnd\\helpers\\jwt.js","statementMap":{"0":{"start":{"line":1,"column":12},"end":{"line":1,"column":35}},"1":{"start":{"line":2,"column":20},"end":{"line":2,"column":43}},"2":{"start":{"line":5,"column":4},"end":{"line":5,"column":38}},"3":{"start":{"line":9,"column":4},"end":{"line":9,"column":41}},"4":{"start":{"line":12,"column":0},"end":{"line":15,"column":1}}},"fnMap":{"0":{"name":"signToken","decl":{"start":{"line":4,"column":9},"end":{"line":4,"column":18}},"loc":{"start":{"line":4,"column":25},"end":{"line":6,"column":1}},"line":4},"1":{"name":"verifyToken","decl":{"start":{"line":8,"column":9},"end":{"line":8,"column":20}},"loc":{"start":{"line":8,"column":28},"end":{"line":10,"column":1}},"line":8}},"branchMap":{},"s":{"0":5,"1":5,"2":35,"3":50,"4":5},"f":{"0":35,"1":50},"b":{},"_coverageSchema":"1a1c01bbd47fc00a2c39e90264f33305004495a9","hash":"49993abadc2c1075eff1bf3ecd723cb3fbf16ec1"}
,"D:\\kerjaan\\Hacktiv8\\phase_3\\final_project\\BackEnd\\middlewares\\authentication.js": {"path":"D:\\kerjaan\\Hacktiv8\\phase_3\\final_project\\BackEnd\\middlewares\\authentication.js","statementMap":{"0":{"start":{"line":1,"column":24},"end":{"line":1,"column":49}},"1":{"start":{"line":2,"column":17},"end":{"line":2,"column":37}},"2":{"start":{"line":5,"column":4},"end":{"line":22,"column":5}},"3":{"start":{"line":6,"column":33},"end":{"line":6,"column":44}},"4":{"start":{"line":7,"column":8},"end":{"line":7,"column":66}},"5":{"start":{"line":7,"column":27},"end":{"line":7,"column":66}},"6":{"start":{"line":9,"column":25},"end":{"line":9,"column":50}},"7":{"start":{"line":10,"column":8},"end":{"line":10,"column":62}},"8":{"start":{"line":10,"column":23},"end":{"line":10,"column":62}},"9":{"start":{"line":12,"column":21},"end":{"line":12,"column":53}},"10":{"start":{"line":14,"column":8},"end":{"line":14,"column":58}},"11":{"start":{"line":14,"column":19},"end":{"line":14,"column":58}},"12":{"start":{"line":15,"column":8},"end":{"line":18,"column":9}},"13":{"start":{"line":19,"column":8},"end":{"line":19,"column":14}},"14":{"start":{"line":21,"column":8},"end":{"line":21,"column":19}},"15":{"start":{"line":25,"column":0},"end":{"line":25,"column":31}}},"fnMap":{"0":{"name":"authentication","decl":{"start":{"line":4,"column":15},"end":{"line":4,"column":29}},"loc":{"start":{"line":4,"column":46},"end":{"line":23,"column":1}},"line":4}},"branchMap":{"0":{"loc":{"start":{"line":7,"column":8},"end":{"line":7,"column":66}},"type":"if","locations":[{"start":{"line":7,"column":8},"end":{"line":7,"column":66}},{"start":{},"end":{}}],"line":7},"1":{"loc":{"start":{"line":10,"column":8},"end":{"line":10,"column":62}},"type":"if","locations":[{"start":{"line":10,"column":8},"end":{"line":10,"column":62}},{"start":{},"end":{}}],"line":10},"2":{"loc":{"start":{"line":14,"column":8},"end":{"line":14,"column":58}},"type":"if","locations":[{"start":{"line":14,"column":8},"end":{"line":14,"column":58}},{"start":{},"end":{}}],"line":14}},"s":{"0":5,"1":5,"2":66,"3":66,"4":66,"5":16,"6":50,"7":34,"8":0,"9":34,"10":34,"11":0,"12":34,"13":34,"14":32,"15":5},"f":{"0":66},"b":{"0":[16,50],"1":[0,34],"2":[0,34]},"_coverageSchema":"1a1c01bbd47fc00a2c39e90264f33305004495a9","hash":"ed74afe27b1e45ae596bebfc44c536de20547bf0"}
,"D:\\kerjaan\\Hacktiv8\\phase_3\\final_project\\BackEnd\\middlewares\\errorHandler.js": {"path":"D:\\kerjaan\\Hacktiv8\\phase_3\\final_project\\BackEnd\\middlewares\\errorHandler.js","statementMap":{"0":{"start":{"line":2,"column":17},"end":{"line":2,"column":20}},"1":{"start":{"line":3,"column":18},"end":{"line":3,"column":41}},"2":{"start":{"line":5,"column":4},"end":{"line":5,"column":31}},"3":{"start":{"line":7,"column":4},"end":{"line":51,"column":5}},"4":{"start":{"line":9,"column":12},"end":{"line":9,"column":24}},"5":{"start":{"line":10,"column":12},"end":{"line":10,"column":52}},"6":{"start":{"line":11,"column":12},"end":{"line":11,"column":18}},"7":{"start":{"line":13,"column":12},"end":{"line":13,"column":24}},"8":{"start":{"line":14,"column":12},"end":{"line":14,"column":49}},"9":{"start":{"line":15,"column":12},"end":{"line":15,"column":18}},"10":{"start":{"line":18,"column":12},"end":{"line":18,"column":24}},"11":{"start":{"line":19,"column":12},"end":{"line":19,"column":44}},"12":{"start":{"line":20,"column":12},"end":{"line":20,"column":18}},"13":{"start":{"line":22,"column":12},"end":{"line":22,"column":24}},"14":{"start":{"line":23,"column":12},"end":{"line":23,"column":43}},"15":{"start":{"line":24,"column":12},"end":{"line":24,"column":18}},"16":{"start":{"line":26,"column":12},"end":{"line":27,"column":73}},"17":{"start":{"line":28,"column":12},"end":{"line":28,"column":18}},"18":{"start":{"line":31,"column":12},"end":{"line":31,"column":24}},"19":{"start":{"line":32,"column":12},"end":{"line":32,"column":43}},"20":{"start":{"line":33,"column":12},"end":{"line":33,"column":18}},"21":{"start":{"line":35,"column":12},"end":{"line":35,"column":24}},"22":{"start":{"line":36,"column":12},"end":{"line":36,"column":38}},"23":{"start":{"line":37,"column":12},"end":{"line":37,"column":18}},"24":{"start":{"line":39,"column":12},"end":{"line":39,"column":24}},"25":{"start":{"line":40,"column":12},"end":{"line":40,"column":56}},"26":{"start":{"line":41,"column":12},"end":{"line":41,"column":18}},"27":{"start":{"line":43,"column":12},"end":{"line":43,"column":24}},"28":{"start":{"line":44,"column":12},"end":{"line":44,"column":55}},"29":{"start":{"line":45,"column":12},"end":{"line":45,"column":18}},"30":{"start":{"line":47,"column":12},"end":{"line":47,"column":24}},"31":{"start":{"line":48,"column":12},"end":{"line":48,"column":40}},"32":{"start":{"line":49,"column":12},"end":{"line":49,"column":18}},"33":{"start":{"line":53,"column":4},"end":{"line":53,"column":46}},"34":{"start":{"line":54,"column":4},"end":{"line":54,"column":40}},"35":{"start":{"line":57,"column":0},"end":{"line":57,"column":29}}},"fnMap":{"0":{"name":"errorHandler","decl":{"start":{"line":1,"column":9},"end":{"line":1,"column":21}},"loc":{"start":{"line":1,"column":43},"end":{"line":55,"column":1}},"line":1}},"branchMap":{"0":{"loc":{"start":{"line":7,"column":4},"end":{"line":51,"column":5}},"type":"switch","locations":[{"start":{"line":8,"column":8},"end":{"line":11,"column":18}},{"start":{"line":12,"column":8},"end":{"line":15,"column":18}},{"start":{"line":16,"column":8},"end":{"line":16,"column":33}},{"start":{"line":17,"column":8},"end":{"line":20,"column":18}},{"start":{"line":21,"column":8},"end":{"line":24,"column":18}},{"start":{"line":25,"column":8},"end":{"line":28,"column":18}},{"start":{"line":29,"column":12},"end":{"line":29,"column":44}},{"start":{"line":30,"column":8},"end":{"line":33,"column":18}},{"start":{"line":34,"column":8},"end":{"line":37,"column":18}},{"start":{"line":38,"column":8},"end":{"line":41,"column":18}},{"start":{"line":42,"column":8},"end":{"line":45,"column":18}},{"start":{"line":46,"column":8},"end":{"line":49,"column":18}}],"line":7}},"s":{"0":57,"1":57,"2":57,"3":57,"4":7,"5":7,"6":7,"7":2,"8":2,"9":2,"10":32,"11":32,"12":32,"13":5,"14":5,"15":5,"16":0,"17":0,"18":1,"19":1,"20":1,"21":7,"22":7,"23":7,"24":1,"25":1,"26":1,"27":1,"28":1,"29":1,"30":1,"31":1,"32":1,"33":57,"34":57,"35":5},"f":{"0":57},"b":{"0":[7,2,16,32,5,0,0,1,7,1,1,1]},"_coverageSchema":"1a1c01bbd47fc00a2c39e90264f33305004495a9","hash":"673de4f5e7b04b26b380d5f5606dbc4b01a31159"}
,"D:\\kerjaan\\Hacktiv8\\phase_3\\final_project\\BackEnd\\middlewares\\updateActivityAuthorization.js": {"path":"D:\\kerjaan\\Hacktiv8\\phase_3\\final_project\\BackEnd\\middlewares\\updateActivityAuthorization.js","statementMap":{"0":{"start":{"line":1,"column":35},"end":{"line":1,"column":55}},"1":{"start":{"line":2,"column":15},"end":{"line":2,"column":35}},"2":{"start":{"line":5,"column":4},"end":{"line":26,"column":5}},"3":{"start":{"line":6,"column":23},"end":{"line":6,"column":33}},"4":{"start":{"line":8,"column":25},"end":{"line":8,"column":52}},"5":{"start":{"line":10,"column":8},"end":{"line":10,"column":51}},"6":{"start":{"line":10,"column":23},"end":{"line":10,"column":51}},"7":{"start":{"line":12,"column":29},"end":{"line":19,"column":10}},"8":{"start":{"line":21,"column":8},"end":{"line":21,"column":96}},"9":{"start":{"line":21,"column":67},"end":{"line":21,"column":96}},"10":{"start":{"line":23,"column":8},"end":{"line":23,"column":14}},"11":{"start":{"line":25,"column":8},"end":{"line":25,"column":19}},"12":{"start":{"line":29,"column":0},"end":{"line":29,"column":44}}},"fnMap":{"0":{"name":"updateActivityAuthorization","decl":{"start":{"line":4,"column":15},"end":{"line":4,"column":42}},"loc":{"start":{"line":4,"column":59},"end":{"line":27,"column":1}},"line":4}},"branchMap":{"0":{"loc":{"start":{"line":10,"column":8},"end":{"line":10,"column":51}},"type":"if","locations":[{"start":{"line":10,"column":8},"end":{"line":10,"column":51}},{"start":{},"end":{}}],"line":10},"1":{"loc":{"start":{"line":21,"column":8},"end":{"line":21,"column":96}},"type":"if","locations":[{"start":{"line":21,"column":8},"end":{"line":21,"column":96}},{"start":{},"end":{}}],"line":21},"2":{"loc":{"start":{"line":21,"column":12},"end":{"line":21,"column":64}},"type":"binary-expr","locations":[{"start":{"line":21,"column":12},"end":{"line":21,"column":25}},{"start":{"line":21,"column":29},"end":{"line":21,"column":64}}],"line":21}},"s":{"0":5,"1":5,"2":4,"3":4,"4":4,"5":4,"6":1,"7":3,"8":3,"9":1,"10":2,"11":2,"12":5},"f":{"0":4},"b":{"0":[1,3],"1":[1,2],"2":[3,3]},"_coverageSchema":"1a1c01bbd47fc00a2c39e90264f33305004495a9","hash":"85712324c99e7baa41fea5ccf30b21a310d9c9eb"}
,"D:\\kerjaan\\Hacktiv8\\phase_3\\final_project\\BackEnd\\models\\activity.js": {"path":"D:\\kerjaan\\Hacktiv8\\phase_3\\final_project\\BackEnd\\models\\activity.js","statementMap":{"0":{"start":{"line":4,"column":4},"end":{"line":4,"column":24}},"1":{"start":{"line":5,"column":0},"end":{"line":165,"column":2}},"2":{"start":{"line":14,"column":6},"end":{"line":14,"column":43}},"3":{"start":{"line":17,"column":2},"end":{"line":163,"column":5}},"4":{"start":{"line":53,"column":10},"end":{"line":55,"column":11}},"5":{"start":{"line":54,"column":12},"end":{"line":54,"column":67}},"6":{"start":{"line":70,"column":10},"end":{"line":72,"column":11}},"7":{"start":{"line":71,"column":12},"end":{"line":71,"column":65}},"8":{"start":{"line":164,"column":2},"end":{"line":164,"column":18}}},"fnMap":{"0":{"name":"(anonymous_0)","decl":{"start":{"line":5,"column":17},"end":{"line":5,"column":18}},"loc":{"start":{"line":5,"column":43},"end":{"line":165,"column":1}},"line":5},"1":{"name":"(anonymous_1)","decl":{"start":{"line":12,"column":4},"end":{"line":12,"column":5}},"loc":{"start":{"line":12,"column":29},"end":{"line":15,"column":5}},"line":12},"2":{"name":"(anonymous_2)","decl":{"start":{"line":52,"column":8},"end":{"line":52,"column":9}},"loc":{"start":{"line":52,"column":37},"end":{"line":56,"column":9}},"line":52},"3":{"name":"(anonymous_3)","decl":{"start":{"line":69,"column":8},"end":{"line":69,"column":9}},"loc":{"start":{"line":69,"column":37},"end":{"line":73,"column":9}},"line":69}},"branchMap":{"0":{"loc":{"start":{"line":53,"column":10},"end":{"line":55,"column":11}},"type":"if","locations":[{"start":{"line":53,"column":10},"end":{"line":55,"column":11}},{"start":{},"end":{}}],"line":53},"1":{"loc":{"start":{"line":70,"column":10},"end":{"line":72,"column":11}},"type":"if","locations":[{"start":{"line":70,"column":10},"end":{"line":72,"column":11}},{"start":{},"end":{}}],"line":70}},"s":{"0":5,"1":5,"2":5,"3":5,"4":6,"5":2,"6":6,"7":2,"8":5},"f":{"0":5,"1":5,"2":6,"3":6},"b":{"0":[2,4],"1":[2,4]},"_coverageSchema":"1a1c01bbd47fc00a2c39e90264f33305004495a9","hash":"9a8ed5eb04dcfb099782c953885b5a02f31f8cc9"}
,"D:\\kerjaan\\Hacktiv8\\phase_3\\final_project\\BackEnd\\models\\index.js": {"path":"D:\\kerjaan\\Hacktiv8\\phase_3\\final_project\\BackEnd\\models\\index.js","statementMap":{"0":{"start":{"line":3,"column":11},"end":{"line":3,"column":24}},"1":{"start":{"line":4,"column":13},"end":{"line":4,"column":28}},"2":{"start":{"line":5,"column":18},"end":{"line":5,"column":38}},"3":{"start":{"line":6,"column":16},"end":{"line":6,"column":34}},"4":{"start":{"line":7,"column":17},"end":{"line":7,"column":42}},"5":{"start":{"line":8,"column":12},"end":{"line":8,"column":49}},"6":{"start":{"line":9,"column":15},"end":{"line":9,"column":65}},"7":{"start":{"line":10,"column":11},"end":{"line":10,"column":13}},"8":{"start":{"line":13,"column":0},"end":{"line":17,"column":1}},"9":{"start":{"line":14,"column":2},"end":{"line":14,"column":74}},"10":{"start":{"line":16,"column":2},"end":{"line":16,"column":87}},"11":{"start":{"line":19,"column":0},"end":{"line":32,"column":5}},"12":{"start":{"line":22,"column":4},"end":{"line":27,"column":6}},"13":{"start":{"line":30,"column":18},"end":{"line":30,"column":85}},"14":{"start":{"line":31,"column":4},"end":{"line":31,"column":27}},"15":{"start":{"line":34,"column":0},"end":{"line":38,"column":3}},"16":{"start":{"line":35,"column":2},"end":{"line":37,"column":3}},"17":{"start":{"line":36,"column":4},"end":{"line":36,"column":32}},"18":{"start":{"line":40,"column":0},"end":{"line":40,"column":25}},"19":{"start":{"line":41,"column":0},"end":{"line":41,"column":25}},"20":{"start":{"line":43,"column":0},"end":{"line":43,"column":20}}},"fnMap":{"0":{"name":"(anonymous_0)","decl":{"start":{"line":21,"column":10},"end":{"line":21,"column":11}},"loc":{"start":{"line":21,"column":18},"end":{"line":28,"column":3}},"line":21},"1":{"name":"(anonymous_1)","decl":{"start":{"line":29,"column":11},"end":{"line":29,"column":12}},"loc":{"start":{"line":29,"column":19},"end":{"line":32,"column":3}},"line":29},"2":{"name":"(anonymous_2)","decl":{"start":{"line":34,"column":24},"end":{"line":34,"column":25}},"loc":{"start":{"line":34,"column":37},"end":{"line":38,"column":1}},"line":34}},"branchMap":{"0":{"loc":{"start":{"line":8,"column":12},"end":{"line":8,"column":49}},"type":"binary-expr","locations":[{"start":{"line":8,"column":12},"end":{"line":8,"column":32}},{"start":{"line":8,"column":36},"end":{"line":8,"column":49}}],"line":8},"1":{"loc":{"start":{"line":13,"column":0},"end":{"line":17,"column":1}},"type":"if","locations":[{"start":{"line":13,"column":0},"end":{"line":17,"column":1}},{"start":{"line":15,"column":7},"end":{"line":17,"column":1}}],"line":13},"2":{"loc":{"start":{"line":23,"column":6},"end":{"line":26,"column":37}},"type":"binary-expr","locations":[{"start":{"line":23,"column":6},"end":{"line":23,"column":29}},{"start":{"line":24,"column":6},"end":{"line":24,"column":23}},{"start":{"line":25,"column":6},"end":{"line":25,"column":30}},{"start":{"line":26,"column":6},"end":{"line":26,"column":37}}],"line":23},"3":{"loc":{"start":{"line":35,"column":2},"end":{"line":37,"column":3}},"type":"if","locations":[{"start":{"line":35,"column":2},"end":{"line":37,"column":3}},{"start":{},"end":{}}],"line":35}},"s":{"0":5,"1":5,"2":5,"3":5,"4":5,"5":5,"6":5,"7":5,"8":5,"9":0,"10":5,"11":5,"12":30,"13":25,"14":25,"15":5,"16":25,"17":25,"18":5,"19":5,"20":5},"f":{"0":30,"1":25,"2":25},"b":{"0":[5,0],"1":[0,5],"2":[30,30,25,25],"3":[25,0]},"_coverageSchema":"1a1c01bbd47fc00a2c39e90264f33305004495a9","hash":"5450990260c098d80d16c2daa08cf24b5a16466b"}
,"D:\\kerjaan\\Hacktiv8\\phase_3\\final_project\\BackEnd\\models\\reward.js": {"path":"D:\\kerjaan\\Hacktiv8\\phase_3\\final_project\\BackEnd\\models\\reward.js","statementMap":{"0":{"start":{"line":4,"column":4},"end":{"line":4,"column":24}},"1":{"start":{"line":5,"column":0},"end":{"line":28,"column":2}},"2":{"start":{"line":14,"column":6},"end":{"line":14,"column":39}},"3":{"start":{"line":17,"column":2},"end":{"line":26,"column":5}},"4":{"start":{"line":27,"column":2},"end":{"line":27,"column":16}}},"fnMap":{"0":{"name":"(anonymous_0)","decl":{"start":{"line":5,"column":17},"end":{"line":5,"column":18}},"loc":{"start":{"line":5,"column":43},"end":{"line":28,"column":1}},"line":5},"1":{"name":"(anonymous_1)","decl":{"start":{"line":12,"column":4},"end":{"line":12,"column":5}},"loc":{"start":{"line":12,"column":29},"end":{"line":15,"column":5}},"line":12}},"branchMap":{},"s":{"0":5,"1":5,"2":5,"3":5,"4":5},"f":{"0":5,"1":5},"b":{},"_coverageSchema":"1a1c01bbd47fc00a2c39e90264f33305004495a9","hash":"60def5a40a231baf51d86ab20ebb2a30457458b7"}
,"D:\\kerjaan\\Hacktiv8\\phase_3\\final_project\\BackEnd\\models\\user.js": {"path":"D:\\kerjaan\\Hacktiv8\\phase_3\\final_project\\BackEnd\\models\\user.js","statementMap":{"0":{"start":{"line":4,"column":4},"end":{"line":4,"column":24}},"1":{"start":{"line":5,"column":25},"end":{"line":5,"column":53}},"2":{"start":{"line":6,"column":0},"end":{"line":83,"column":2}},"3":{"start":{"line":15,"column":6},"end":{"line":15,"column":39}},"4":{"start":{"line":16,"column":6},"end":{"line":16,"column":37}},"5":{"start":{"line":19,"column":2},"end":{"line":81,"column":5}},"6":{"start":{"line":78,"column":8},"end":{"line":78,"column":61}},"7":{"start":{"line":82,"column":2},"end":{"line":82,"column":14}}},"fnMap":{"0":{"name":"(anonymous_0)","decl":{"start":{"line":6,"column":17},"end":{"line":6,"column":18}},"loc":{"start":{"line":6,"column":43},"end":{"line":83,"column":1}},"line":6},"1":{"name":"(anonymous_1)","decl":{"start":{"line":13,"column":4},"end":{"line":13,"column":5}},"loc":{"start":{"line":13,"column":29},"end":{"line":17,"column":5}},"line":13},"2":{"name":"(anonymous_2)","decl":{"start":{"line":77,"column":20},"end":{"line":77,"column":21}},"loc":{"start":{"line":77,"column":44},"end":{"line":79,"column":7}},"line":77}},"branchMap":{},"s":{"0":5,"1":5,"2":5,"3":5,"4":5,"5":5,"6":2,"7":5},"f":{"0":5,"1":5,"2":2},"b":{},"_coverageSchema":"1a1c01bbd47fc00a2c39e90264f33305004495a9","hash":"9b9ed9e992b34c5a7e213464302fcb85b519a883"}
,"D:\\kerjaan\\Hacktiv8\\phase_3\\final_project\\BackEnd\\models\\useractivity.js": {"path":"D:\\kerjaan\\Hacktiv8\\phase_3\\final_project\\BackEnd\\models\\useractivity.js","statementMap":{"0":{"start":{"line":4,"column":4},"end":{"line":4,"column":24}},"1":{"start":{"line":5,"column":0},"end":{"line":27,"column":2}},"2":{"start":{"line":14,"column":6},"end":{"line":14,"column":45}},"3":{"start":{"line":15,"column":6},"end":{"line":15,"column":41}},"4":{"start":{"line":18,"column":2},"end":{"line":25,"column":5}},"5":{"start":{"line":26,"column":2},"end":{"line":26,"column":22}}},"fnMap":{"0":{"name":"(anonymous_0)","decl":{"start":{"line":5,"column":17},"end":{"line":5,"column":18}},"loc":{"start":{"line":5,"column":43},"end":{"line":27,"column":1}},"line":5},"1":{"name":"(anonymous_1)","decl":{"start":{"line":12,"column":4},"end":{"line":12,"column":5}},"loc":{"start":{"line":12,"column":29},"end":{"line":16,"column":5}},"line":12}},"branchMap":{},"s":{"0":5,"1":5,"2":5,"3":5,"4":5,"5":5},"f":{"0":5,"1":5},"b":{},"_coverageSchema":"1a1c01bbd47fc00a2c39e90264f33305004495a9","hash":"f4eb735348da10242f182852d95d589481ce5f0f"}
,"D:\\kerjaan\\Hacktiv8\\phase_3\\final_project\\BackEnd\\models\\userreward.js": {"path":"D:\\kerjaan\\Hacktiv8\\phase_3\\final_project\\BackEnd\\models\\userreward.js","statementMap":{"0":{"start":{"line":4,"column":4},"end":{"line":4,"column":24}},"1":{"start":{"line":5,"column":0},"end":{"line":27,"column":2}},"2":{"start":{"line":14,"column":6},"end":{"line":14,"column":39}},"3":{"start":{"line":15,"column":6},"end":{"line":15,"column":41}},"4":{"start":{"line":18,"column":2},"end":{"line":25,"column":5}},"5":{"start":{"line":26,"column":2},"end":{"line":26,"column":20}}},"fnMap":{"0":{"name":"(anonymous_0)","decl":{"start":{"line":5,"column":17},"end":{"line":5,"column":18}},"loc":{"start":{"line":5,"column":43},"end":{"line":27,"column":1}},"line":5},"1":{"name":"(anonymous_1)","decl":{"start":{"line":12,"column":4},"end":{"line":12,"column":5}},"loc":{"start":{"line":12,"column":29},"end":{"line":16,"column":5}},"line":12}},"branchMap":{},"s":{"0":5,"1":5,"2":5,"3":5,"4":5,"5":5},"f":{"0":5,"1":5},"b":{},"_coverageSchema":"1a1c01bbd47fc00a2c39e90264f33305004495a9","hash":"c0c58143373b164568ca174edea8a9ff6429e245"}
,"D:\\kerjaan\\Hacktiv8\\phase_3\\final_project\\BackEnd\\routes\\activityRouter.js": {"path":"D:\\kerjaan\\Hacktiv8\\phase_3\\final_project\\BackEnd\\routes\\activityRouter.js","statementMap":{"0":{"start":{"line":1,"column":16},"end":{"line":1,"column":34}},"1":{"start":{"line":2,"column":121},"end":{"line":2,"column":155}},"2":{"start":{"line":3,"column":36},"end":{"line":3,"column":89}},"3":{"start":{"line":4,"column":23},"end":{"line":4,"column":39}},"4":{"start":{"line":6,"column":0},"end":{"line":6,"column":36}},"5":{"start":{"line":7,"column":0},"end":{"line":7,"column":38}},"6":{"start":{"line":8,"column":0},"end":{"line":8,"column":71}},"7":{"start":{"line":9,"column":0},"end":{"line":9,"column":45}},"8":{"start":{"line":10,"column":0},"end":{"line":10,"column":45}},"9":{"start":{"line":11,"column":0},"end":{"line":11,"column":51}},"10":{"start":{"line":12,"column":0},"end":{"line":12,"column":49}},"11":{"start":{"line":14,"column":0},"end":{"line":14,"column":31}}},"fnMap":{},"branchMap":{},"s":{"0":5,"1":5,"2":5,"3":5,"4":5,"5":5,"6":5,"7":5,"8":5,"9":5,"10":5,"11":5},"f":{},"b":{},"_coverageSchema":"1a1c01bbd47fc00a2c39e90264f33305004495a9","hash":"0b5ed0f2cd35abcfae631810df525f565c7f588b"}
,"D:\\kerjaan\\Hacktiv8\\phase_3\\final_project\\BackEnd\\routes\\rewardRouter.js": {"path":"D:\\kerjaan\\Hacktiv8\\phase_3\\final_project\\BackEnd\\routes\\rewardRouter.js","statementMap":{"0":{"start":{"line":1,"column":16},"end":{"line":1,"column":34}},"1":{"start":{"line":2,"column":22},"end":{"line":2,"column":54}},"2":{"start":{"line":3,"column":21},"end":{"line":3,"column":37}},"3":{"start":{"line":5,"column":0},"end":{"line":5,"column":32}},"4":{"start":{"line":7,"column":0},"end":{"line":7,"column":29}}},"fnMap":{},"branchMap":{},"s":{"0":5,"1":5,"2":5,"3":5,"4":5},"f":{},"b":{},"_coverageSchema":"1a1c01bbd47fc00a2c39e90264f33305004495a9","hash":"18c5d156f5803f4db5a30472ced9580dc0923c7f"}
,"D:\\kerjaan\\Hacktiv8\\phase_3\\final_project\\BackEnd\\routes\\router.js": {"path":"D:\\kerjaan\\Hacktiv8\\phase_3\\final_project\\BackEnd\\routes\\router.js","statementMap":{"0":{"start":{"line":1,"column":16},"end":{"line":1,"column":34}},"1":{"start":{"line":2,"column":21},"end":{"line":2,"column":59}},"2":{"start":{"line":3,"column":19},"end":{"line":3,"column":42}},"3":{"start":{"line":4,"column":41},"end":{"line":4,"column":71}},"4":{"start":{"line":5,"column":23},"end":{"line":5,"column":63}},"5":{"start":{"line":6,"column":23},"end":{"line":6,"column":50}},"6":{"start":{"line":7,"column":21},"end":{"line":7,"column":46}},"7":{"start":{"line":8,"column":27},"end":{"line":8,"column":58}},"8":{"start":{"line":9,"column":25},"end":{"line":9,"column":54}},"9":{"start":{"line":10,"column":15},"end":{"line":10,"column":31}},"10":{"start":{"line":15,"column":0},"end":{"line":15,"column":34}},"11":{"start":{"line":16,"column":0},"end":{"line":16,"column":28}},"12":{"start":{"line":17,"column":0},"end":{"line":17,"column":40}},"13":{"start":{"line":19,"column":0},"end":{"line":19,"column":26}},"14":{"start":{"line":21,"column":0},"end":{"line":21,"column":32}},"15":{"start":{"line":22,"column":0},"end":{"line":22,"column":41}},"16":{"start":{"line":23,"column":0},"end":{"line":23,"column":36}},"17":{"start":{"line":24,"column":0},"end":{"line":24,"column":50}},"18":{"start":{"line":25,"column":0},"end":{"line":25,"column":45}},"19":{"start":{"line":27,"column":0},"end":{"line":27,"column":24}},"20":{"start":{"line":29,"column":0},"end":{"line":29,"column":23}}},"fnMap":{},"branchMap":{},"s":{"0":5,"1":5,"2":5,"3":5,"4":5,"5":5,"6":5,"7":5,"8":5,"9":5,"10":5,"11":5,"12":5,"13":5,"14":5,"15":5,"16":5,"17":5,"18":5,"19":5,"20":5},"f":{},"b":{},"_coverageSchema":"1a1c01bbd47fc00a2c39e90264f33305004495a9","hash":"af9de187ffbb01bc14827033cf92a2fd815cdfe9"}
,"D:\\kerjaan\\Hacktiv8\\phase_3\\final_project\\BackEnd\\routes\\userActivityRouter.js": {"path":"D:\\kerjaan\\Hacktiv8\\phase_3\\final_project\\BackEnd\\routes\\userActivityRouter.js","statementMap":{"0":{"start":{"line":1,"column":16},"end":{"line":1,"column":34}},"1":{"start":{"line":2,"column":86},"end":{"line":2,"column":124}},"2":{"start":{"line":3,"column":27},"end":{"line":3,"column":43}},"3":{"start":{"line":5,"column":0},"end":{"line":5,"column":44}},"4":{"start":{"line":6,"column":0},"end":{"line":6,"column":46}},"5":{"start":{"line":7,"column":0},"end":{"line":7,"column":50}},"6":{"start":{"line":8,"column":0},"end":{"line":8,"column":53}},"7":{"start":{"line":10,"column":0},"end":{"line":10,"column":35}}},"fnMap":{},"branchMap":{},"s":{"0":5,"1":5,"2":5,"3":5,"4":5,"5":5,"6":5,"7":5},"f":{},"b":{},"_coverageSchema":"1a1c01bbd47fc00a2c39e90264f33305004495a9","hash":"7135cf637c53b7b4f42a8476a0993252c698f76a"}
,"D:\\kerjaan\\Hacktiv8\\phase_3\\final_project\\BackEnd\\routes\\userRewardRouter.js": {"path":"D:\\kerjaan\\Hacktiv8\\phase_3\\final_project\\BackEnd\\routes\\userRewardRouter.js","statementMap":{"0":{"start":{"line":1,"column":16},"end":{"line":1,"column":34}},"1":{"start":{"line":2,"column":43},"end":{"line":2,"column":79}},"2":{"start":{"line":3,"column":25},"end":{"line":3,"column":41}},"3":{"start":{"line":5,"column":0},"end":{"line":5,"column":33}},"4":{"start":{"line":6,"column":0},"end":{"line":6,"column":39}},"5":{"start":{"line":7,"column":0},"end":{"line":7,"column":39}},"6":{"start":{"line":9,"column":0},"end":{"line":9,"column":33}}},"fnMap":{},"branchMap":{},"s":{"0":5,"1":5,"2":5,"3":5,"4":5,"5":5,"6":5},"f":{},"b":{},"_coverageSchema":"1a1c01bbd47fc00a2c39e90264f33305004495a9","hash":"2d42ede1af8d0bf19d7f31f1c212d4914f60ddde"}
,"D:\\kerjaan\\Hacktiv8\\phase_3\\final_project\\BackEnd\\routes\\userRouter.js": {"path":"D:\\kerjaan\\Hacktiv8\\phase_3\\final_project\\BackEnd\\routes\\userRouter.js","statementMap":{"0":{"start":{"line":1,"column":16},"end":{"line":1,"column":34}},"1":{"start":{"line":2,"column":69},"end":{"line":2,"column":99}},"2":{"start":{"line":3,"column":19},"end":{"line":3,"column":35}},"3":{"start":{"line":5,"column":0},"end":{"line":5,"column":43}},"4":{"start":{"line":6,"column":0},"end":{"line":6,"column":40}},"5":{"start":{"line":7,"column":0},"end":{"line":7,"column":45}},"6":{"start":{"line":8,"column":0},"end":{"line":8,"column":66}},"7":{"start":{"line":10,"column":0},"end":{"line":10,"column":27}}},"fnMap":{},"branchMap":{},"s":{"0":5,"1":5,"2":5,"3":5,"4":5,"5":5,"6":5,"7":5},"f":{},"b":{},"_coverageSchema":"1a1c01bbd47fc00a2c39e90264f33305004495a9","hash":"488fe6056529492f498d61dd6d1c62bde590c63b"}
}
