TN:
SF:app.js
FNF:0
FNH:0
DA:1,5
DA:2,5
DA:5,5
DA:6,5
DA:7,5
DA:8,5
DA:10,5
DA:11,5
DA:12,5
DA:13,5
DA:15,5
LF:11
LH:11
BRDA:1,0,0,5
BRDA:1,0,1,0
BRF:2
BRH:1
end_of_record
TN:
SF:controllers\activity.js
FN:5,(anonymous_0)
FN:27,(anonymous_1)
FN:47,(anonymous_2)
FN:65,(anonymous_3)
FN:90,(anonymous_4)
FN:105,(anonymous_5)
FN:129,(anonymous_6)
FNF:7
FNH:5
FNDA:1,(anonymous_0)
FNDA:6,(anonymous_1)
FNDA:2,(anonymous_2)
FNDA:2,(anonymous_3)
FNDA:2,(anonymous_4)
FNDA:0,(anonymous_5)
FNDA:0,(anonymous_6)
DA:1,5
DA:2,5
DA:6,1
DA:7,1
DA:21,1
DA:23,0
DA:28,6
DA:29,6
DA:31,6
DA:33,5
DA:34,1
DA:41,1
DA:43,5
DA:48,2
DA:49,2
DA:50,2
DA:52,2
DA:54,1
DA:55,1
DA:57,1
DA:59,1
DA:61,1
DA:66,2
DA:67,2
DA:69,2
DA:82,2
DA:84,1
DA:86,1
DA:91,2
DA:92,2
DA:94,2
DA:95,2
DA:97,1
DA:99,1
DA:101,1
DA:106,0
DA:107,0
DA:109,0
DA:110,0
DA:112,0
DA:119,0
DA:121,0
DA:123,0
DA:125,0
DA:130,0
DA:132,0
DA:134,0
DA:143,0
DA:144,0
DA:147,0
DA:148,0
DA:149,0
DA:150,0
DA:154,0
DA:155,0
DA:157,0
DA:159,0
DA:180,0
DA:185,5
LF:59
LH:35
BRDA:31,0,0,1
BRDA:31,0,1,5
BRDA:31,1,0,6
BRDA:31,1,1,5
BRDA:31,1,2,5
BRDA:31,1,3,5
BRDA:31,1,4,5
BRDA:31,1,5,5
BRDA:31,1,6,5
BRDA:31,1,7,5
BRDA:52,2,0,1
BRDA:52,2,1,1
BRDA:52,3,0,2
BRDA:52,3,1,1
BRDA:52,3,2,1
BRDA:52,3,3,1
BRDA:52,3,4,1
BRDA:52,3,5,1
BRDA:52,3,6,1
BRDA:52,3,7,1
BRDA:52,3,8,1
BRDA:55,4,0,0
BRDA:55,4,1,1
BRDA:82,5,0,1
BRDA:82,5,1,1
BRDA:95,6,0,1
BRDA:95,6,1,1
BRDA:110,7,0,0
BRDA:110,7,1,0
BRDA:119,8,0,0
BRDA:119,8,1,0
BRDA:144,9,0,0
BRDA:144,9,1,0
BRDA:149,10,0,0
BRDA:149,10,1,0
BRF:35
BRH:26
end_of_record
TN:
SF:controllers\reward.js
FN:4,(anonymous_0)
FNF:1
FNH:1
FNDA:1,(anonymous_0)
DA:1,5
DA:5,1
DA:6,1
DA:12,1
DA:14,0
DA:19,5
LF:6
LH:5
BRF:0
BRH:0
end_of_record
TN:
SF:controllers\user.js
FN:8,(anonymous_0)
FN:24,(anonymous_1)
FN:52,(anonymous_2)
FN:84,(anonymous_3)
FN:105,(anonymous_4)
FN:119,(anonymous_5)
FN:136,(anonymous_6)
FNF:7
FNH:5
FNDA:6,(anonymous_0)
FNDA:3,(anonymous_1)
FNDA:0,(anonymous_2)
FNDA:2,(anonymous_3)
FNDA:2,(anonymous_4)
FNDA:1,(anonymous_5)
FNDA:0,(anonymous_6)
DA:1,5
DA:2,5
DA:3,5
DA:4,5
DA:5,5
DA:9,6
DA:10,6
DA:12,6
DA:14,3
DA:18,1
DA:20,5
DA:25,3
DA:26,3
DA:27,3
DA:29,3
DA:35,3
DA:37,2
DA:38,2
DA:39,1
DA:40,1
DA:46,1
DA:48,2
DA:53,0
DA:54,0
DA:55,0
DA:59,0
DA:61,0
DA:73,0
DA:78,0
DA:80,0
DA:85,2
DA:86,2
DA:87,2
DA:88,2
DA:89,1
DA:95,1
DA:96,0
DA:99,1
DA:101,1
DA:106,2
DA:107,2
DA:108,2
DA:109,1
DA:111,1
DA:113,1
DA:115,1
DA:120,1
DA:121,1
DA:123,1
DA:124,1
DA:126,1
DA:130,1
DA:132,0
DA:137,0
DA:138,0
DA:140,0
DA:145,0
DA:159,0
DA:160,0
DA:162,0
DA:164,0
DA:171,5
LF:62
LH:44
BRDA:12,0,0,3
BRDA:12,0,1,3
BRDA:12,1,0,6
BRDA:12,1,1,5
BRDA:12,1,2,4
BRDA:27,2,0,0
BRDA:27,2,1,3
BRDA:27,3,0,3
BRDA:27,3,1,3
BRDA:35,4,0,1
BRDA:35,4,1,2
BRDA:38,5,0,1
BRDA:38,5,1,1
BRDA:88,6,0,1
BRDA:88,6,1,1
BRDA:95,7,0,0
BRDA:95,7,1,1
BRDA:108,8,0,1
BRDA:108,8,1,1
BRDA:108,9,0,2
BRDA:108,9,1,1
BRDA:108,9,2,1
BRDA:124,10,0,0
BRDA:124,10,1,1
BRF:24
BRH:21
end_of_record
TN:
SF:controllers\userActivity.js
FN:4,(anonymous_0)
FN:37,(anonymous_1)
FN:70,(anonymous_2)
FN:92,(anonymous_3)
FNF:4
FNH:4
FNDA:1,(anonymous_0)
FNDA:2,(anonymous_1)
FNDA:3,(anonymous_2)
FNDA:2,(anonymous_3)
DA:1,5
DA:5,1
DA:6,1
DA:27,1
DA:28,0
DA:31,1
DA:33,0
DA:38,2
DA:39,2
DA:41,2
DA:62,2
DA:64,1
DA:66,1
DA:71,3
DA:72,3
DA:74,3
DA:76,2
DA:82,2
DA:84,1
DA:86,1
DA:88,2
DA:93,2
DA:94,2
DA:96,2
DA:97,2
DA:99,1
DA:101,1
DA:103,1
DA:108,5
LF:29
LH:27
BRDA:27,0,0,0
BRDA:27,0,1,1
BRDA:62,1,0,1
BRDA:62,1,1,1
BRDA:74,2,0,1
BRDA:74,2,1,2
BRDA:82,3,0,1
BRDA:82,3,1,1
BRDA:97,4,0,1
BRDA:97,4,1,1
BRF:10
BRH:9
end_of_record
TN:
SF:controllers\userReward.js
FN:4,(anonymous_0)
FN:33,(anonymous_1)
FN:66,(anonymous_2)
FNF:3
FNH:3
FNDA:1,(anonymous_0)
FNDA:2,(anonymous_1)
FNDA:2,(anonymous_2)
DA:1,5
DA:5,1
DA:6,1
DA:27,1
DA:29,0
DA:34,2
DA:35,2
DA:37,2
DA:58,2
DA:60,1
DA:62,1
DA:67,2
DA:68,2
DA:70,2
DA:72,2
DA:78,2
DA:80,1
DA:82,1
DA:83,1
DA:85,1
DA:87,1
DA:92,5
LF:22
LH:21
BRDA:58,0,0,1
BRDA:58,0,1,1
BRDA:70,1,0,0
BRDA:70,1,1,2
BRDA:78,2,0,1
BRDA:78,2,1,1
BRF:6
BRH:5
end_of_record
TN:
SF:helpers\bcrypt.js
FN:4,hashPassword
FN:8,comparePassword
FNF:2
FNH:2
FNDA:17,hashPassword
FNDA:2,comparePassword
DA:1,5
DA:2,5
DA:5,17
DA:9,2
DA:12,5
LF:5
LH:5
BRF:0
BRH:0
end_of_record
TN:
SF:helpers\jwt.js
FN:4,signToken
FN:8,verifyToken
FNF:2
FNH:2
FNDA:35,signToken
FNDA:50,verifyToken
DA:1,5
DA:2,5
DA:5,35
DA:9,50
DA:12,5
LF:5
LH:5
BRF:0
BRH:0
end_of_record
TN:
SF:middlewares\authentication.js
FN:4,authentication
FNF:1
FNH:1
FNDA:66,authentication
DA:1,5
DA:2,5
DA:5,66
DA:6,66
DA:7,66
DA:9,50
DA:10,34
DA:12,34
DA:14,34
DA:15,34
DA:19,34
DA:21,32
DA:25,5
LF:13
LH:13
BRDA:7,0,0,16
BRDA:7,0,1,50
BRDA:10,1,0,0
BRDA:10,1,1,34
BRDA:14,2,0,0
BRDA:14,2,1,34
BRF:6
BRH:4
end_of_record
TN:
SF:middlewares\errorHandler.js
FN:1,errorHandler
FNF:1
FNH:1
FNDA:57,errorHandler
DA:2,57
DA:3,57
DA:5,57
DA:7,57
DA:9,7
DA:10,7
DA:11,7
DA:13,2
DA:14,2
DA:15,2
DA:18,32
DA:19,32
DA:20,32
DA:22,5
DA:23,5
DA:24,5
DA:26,0
DA:28,0
DA:31,1
DA:32,1
DA:33,1
DA:35,7
DA:36,7
DA:37,7
DA:39,1
DA:40,1
DA:41,1
DA:43,1
DA:44,1
DA:45,1
DA:47,1
DA:48,1
DA:49,1
DA:53,57
DA:54,57
DA:57,5
LF:36
LH:34
BRDA:7,0,0,7
BRDA:7,0,1,2
BRDA:7,0,2,16
BRDA:7,0,3,32
BRDA:7,0,4,5
BRDA:7,0,5,0
BRDA:7,0,6,0
BRDA:7,0,7,1
BRDA:7,0,8,7
BRDA:7,0,9,1
BRDA:7,0,10,1
BRDA:7,0,11,1
BRF:12
BRH:10
end_of_record
TN:
SF:middlewares\updateActivityAuthorization.js
FN:4,updateActivityAuthorization
FNF:1
FNH:1
FNDA:4,updateActivityAuthorization
DA:1,5
DA:2,5
DA:5,4
DA:6,4
DA:8,4
DA:10,4
DA:12,3
DA:21,3
DA:23,2
DA:25,2
DA:29,5
LF:11
LH:11
BRDA:10,0,0,1
BRDA:10,0,1,3
BRDA:21,1,0,1
BRDA:21,1,1,2
BRDA:21,2,0,3
BRDA:21,2,1,3
BRF:6
BRH:6
end_of_record
TN:
SF:models\activity.js
FN:5,(anonymous_0)
FN:12,(anonymous_1)
FN:52,(anonymous_2)
FN:69,(anonymous_3)
FNF:4
FNH:4
FNDA:5,(anonymous_0)
FNDA:5,(anonymous_1)
FNDA:6,(anonymous_2)
FNDA:6,(anonymous_3)
DA:4,5
DA:5,5
DA:14,5
DA:17,5
DA:53,6
DA:54,2
DA:70,6
DA:71,2
DA:164,5
LF:9
LH:9
BRDA:53,0,0,2
BRDA:53,0,1,4
BRDA:70,1,0,2
BRDA:70,1,1,4
BRF:4
BRH:4
end_of_record
TN:
SF:models\index.js
FN:21,(anonymous_0)
FN:29,(anonymous_1)
FN:34,(anonymous_2)
FNF:3
FNH:3
FNDA:30,(anonymous_0)
FNDA:25,(anonymous_1)
FNDA:25,(anonymous_2)
DA:3,5
DA:4,5
DA:5,5
DA:6,5
DA:7,5
DA:8,5
DA:9,5
DA:10,5
DA:13,5
DA:14,0
DA:16,5
DA:19,5
DA:22,30
DA:30,25
DA:31,25
DA:34,5
DA:35,25
DA:36,25
DA:40,5
DA:41,5
DA:43,5
LF:21
LH:20
BRDA:8,0,0,5
BRDA:8,0,1,0
BRDA:13,1,0,0
BRDA:13,1,1,5
BRDA:23,2,0,30
BRDA:23,2,1,30
BRDA:23,2,2,25
BRDA:23,2,3,25
BRDA:35,3,0,25
BRDA:35,3,1,0
BRF:10
BRH:7
end_of_record
TN:
SF:models\reward.js
FN:5,(anonymous_0)
FN:12,(anonymous_1)
FNF:2
FNH:2
FNDA:5,(anonymous_0)
FNDA:5,(anonymous_1)
DA:4,5
DA:5,5
DA:14,5
DA:17,5
DA:27,5
LF:5
LH:5
BRF:0
BRH:0
end_of_record
TN:
SF:models\user.js
FN:6,(anonymous_0)
FN:13,(anonymous_1)
FN:77,(anonymous_2)
FNF:3
FNH:3
FNDA:5,(anonymous_0)
FNDA:5,(anonymous_1)
FNDA:2,(anonymous_2)
DA:4,5
DA:5,5
DA:6,5
DA:15,5
DA:16,5
DA:19,5
DA:78,2
DA:82,5
LF:8
LH:8
BRF:0
BRH:0
end_of_record
TN:
SF:models\useractivity.js
FN:5,(anonymous_0)
FN:12,(anonymous_1)
FNF:2
FNH:2
FNDA:5,(anonymous_0)
FNDA:5,(anonymous_1)
DA:4,5
DA:5,5
DA:14,5
DA:15,5
DA:18,5
DA:26,5
LF:6
LH:6
BRF:0
BRH:0
end_of_record
TN:
SF:models\userreward.js
FN:5,(anonymous_0)
FN:12,(anonymous_1)
FNF:2
FNH:2
FNDA:5,(anonymous_0)
FNDA:5,(anonymous_1)
DA:4,5
DA:5,5
DA:14,5
DA:15,5
DA:18,5
DA:26,5
LF:6
LH:6
BRF:0
BRH:0
end_of_record
TN:
SF:routes\activityRouter.js
FNF:0
FNH:0
DA:1,5
DA:2,5
DA:3,5
DA:4,5
DA:6,5
DA:7,5
DA:8,5
DA:9,5
DA:10,5
DA:11,5
DA:12,5
DA:14,5
LF:12
LH:12
BRF:0
BRH:0
end_of_record
TN:
SF:routes\rewardRouter.js
FNF:0
FNH:0
DA:1,5
DA:2,5
DA:3,5
DA:5,5
DA:7,5
LF:5
LH:5
BRF:0
BRH:0
end_of_record
TN:
SF:routes\router.js
FNF:0
FNH:0
DA:1,5
DA:2,5
DA:3,5
DA:4,5
DA:5,5
DA:6,5
DA:7,5
DA:8,5
DA:9,5
DA:10,5
DA:15,5
DA:16,5
DA:17,5
DA:19,5
DA:21,5
DA:22,5
DA:23,5
DA:24,5
DA:25,5
DA:27,5
DA:29,5
LF:21
LH:21
BRF:0
BRH:0
end_of_record
TN:
SF:routes\userActivityRouter.js
FNF:0
FNH:0
DA:1,5
DA:2,5
DA:3,5
DA:5,5
DA:6,5
DA:7,5
DA:8,5
DA:10,5
LF:8
LH:8
BRF:0
BRH:0
end_of_record
TN:
SF:routes\userRewardRouter.js
FNF:0
FNH:0
DA:1,5
DA:2,5
DA:3,5
DA:5,5
DA:6,5
DA:7,5
DA:9,5
LF:7
LH:7
BRF:0
BRH:0
end_of_record
TN:
SF:routes\userRouter.js
FNF:0
FNH:0
DA:1,5
DA:2,5
DA:3,5
DA:5,5
DA:6,5
DA:7,5
DA:8,5
DA:10,5
LF:8
LH:8
BRF:0
BRH:0
end_of_record
