TN:
SF:app.js
FNF:0
FNH:0
DA:1,5
DA:2,5
DA:5,5
DA:6,5
DA:7,5
DA:8,5
DA:9,5
DA:12,5
DA:13,5
DA:14,5
DA:15,5
DA:16,5
DA:18,5
LF:13
LH:13
BRDA:1,0,0,5
BRDA:1,0,1,0
BRF:2
BRH:1
end_of_record
TN:
SF:controllers\activity.js
FN:5,(anonymous_0)
FN:35,(anonymous_1)
FN:59,(anonymous_2)
FN:81,(anonymous_3)
FN:106,(anonymous_4)
FN:121,(anonymous_5)
FN:147,(anonymous_6)
FNF:7
FNH:7
FNDA:1,(anonymous_0)
FNDA:6,(anonymous_1)
FNDA:2,(anonymous_2)
FNDA:2,(anonymous_3)
FNDA:2,(anonymous_4)
FNDA:3,(anonymous_5)
FNDA:2,(anonymous_6)
DA:1,5
DA:2,5
DA:6,1
DA:8,1
DA:9,1
DA:10,1
DA:11,1
DA:12,1
DA:14,1
DA:29,1
DA:31,0
DA:36,6
DA:37,6
DA:38,6
DA:39,6
DA:40,6
DA:42,6
DA:44,5
DA:45,5
DA:46,1
DA:53,1
DA:55,5
DA:60,2
DA:61,2
DA:62,2
DA:63,2
DA:64,2
DA:65,2
DA:68,2
DA:69,1
DA:70,1
DA:71,1
DA:73,1
DA:75,1
DA:77,1
DA:82,2
DA:83,2
DA:85,2
DA:98,2
DA:100,1
DA:102,1
DA:107,2
DA:108,2
DA:110,2
DA:111,2
DA:113,1
DA:115,1
DA:117,1
DA:122,3
DA:123,3
DA:124,3
DA:126,3
DA:127,3
DA:128,2
DA:129,2
DA:136,2
DA:137,2
DA:139,1
DA:141,1
DA:143,2
DA:148,2
DA:150,2
DA:152,2
DA:153,2
DA:161,2
DA:162,2
DA:165,1
DA:166,1
DA:167,1
DA:168,1
DA:172,1
DA:173,1
DA:175,1
DA:177,1
DA:198,1
DA:203,5
LF:76
LH:75
BRDA:10,0,0,1
BRDA:10,0,1,0
BRDA:10,1,0,1
BRDA:10,1,1,0
BRDA:10,1,2,0
BRDA:10,1,3,0
BRDA:42,2,0,1
BRDA:42,2,1,5
BRDA:42,3,0,6
BRDA:42,3,1,5
BRDA:42,3,2,5
BRDA:42,3,3,5
BRDA:42,3,4,5
BRDA:42,3,5,5
BRDA:42,3,6,5
BRDA:42,3,7,5
BRDA:68,4,0,1
BRDA:68,4,1,1
BRDA:68,5,0,2
BRDA:68,5,1,1
BRDA:68,5,2,1
BRDA:68,5,3,1
BRDA:68,5,4,1
BRDA:68,5,5,1
BRDA:68,5,6,1
BRDA:68,5,7,1
BRDA:71,6,0,0
BRDA:71,6,1,1
BRDA:98,7,0,1
BRDA:98,7,1,1
BRDA:111,8,0,1
BRDA:111,8,1,1
BRDA:127,9,0,1
BRDA:127,9,1,2
BRDA:137,10,0,1
BRDA:137,10,1,1
BRDA:162,11,0,1
BRDA:162,11,1,1
BRDA:167,12,0,0
BRDA:167,12,1,1
BRF:40
BRH:34
end_of_record
TN:
SF:controllers\reward.js
FN:4,(anonymous_0)
FN:18,(anonymous_1)
FNF:2
FNH:2
FNDA:1,(anonymous_0)
FNDA:2,(anonymous_1)
DA:1,5
DA:5,1
DA:6,1
DA:12,1
DA:14,0
DA:19,2
DA:20,2
DA:22,2
DA:27,2
DA:29,1
DA:31,1
DA:36,5
LF:12
LH:11
BRDA:27,0,0,1
BRDA:27,0,1,1
BRF:2
BRH:2
end_of_record
TN:
SF:controllers\user.js
FN:8,(anonymous_0)
FN:23,(anonymous_1)
FN:83,(anonymous_2)
FN:102,(anonymous_3)
FN:126,(anonymous_4)
FN:143,(anonymous_5)
FN:175,(anonymous_6)
FNF:7
FNH:5
FNDA:6,(anonymous_0)
FNDA:3,(anonymous_1)
FNDA:2,(anonymous_2)
FNDA:2,(anonymous_3)
FNDA:1,(anonymous_4)
FNDA:0,(anonymous_5)
FNDA:0,(anonymous_6)
DA:1,5
DA:2,5
DA:3,5
DA:4,5
DA:5,5
DA:9,6
DA:10,6
DA:11,6
DA:13,3
DA:17,1
DA:19,5
DA:24,3
DA:25,3
DA:26,3
DA:28,3
DA:34,3
DA:36,2
DA:37,2
DA:38,1
DA:39,1
DA:45,1
DA:47,2
DA:84,2
DA:85,2
DA:86,2
DA:92,2
DA:93,1
DA:96,1
DA:98,1
DA:103,2
DA:104,2
DA:108,2
DA:109,2
DA:111,0
DA:115,2
DA:116,1
DA:118,1
DA:120,1
DA:122,1
DA:127,1
DA:128,1
DA:130,1
DA:131,1
DA:133,1
DA:137,1
DA:139,0
DA:144,0
DA:145,0
DA:146,0
DA:148,0
DA:153,0
DA:167,0
DA:169,0
DA:171,0
DA:176,0
DA:178,0
DA:179,0
DA:180,0
DA:181,0
DA:182,0
DA:184,0
DA:186,0
DA:188,0
DA:189,0
DA:190,0
DA:191,0
DA:193,0
DA:194,0
DA:195,0
DA:196,0
DA:197,0
DA:198,0
DA:199,0
DA:204,5
LF:74
LH:45
BRDA:11,0,0,3
BRDA:11,0,1,3
BRDA:11,1,0,6
BRDA:11,1,1,5
BRDA:11,1,2,4
BRDA:26,2,0,0
BRDA:26,2,1,3
BRDA:26,3,0,3
BRDA:26,3,1,3
BRDA:34,4,0,1
BRDA:34,4,1,2
BRDA:37,5,0,1
BRDA:37,5,1,1
BRDA:92,6,0,1
BRDA:92,6,1,1
BRDA:108,7,0,2
BRDA:108,7,1,0
BRDA:115,8,0,1
BRDA:115,8,1,1
BRDA:115,9,0,2
BRDA:115,9,1,1
BRDA:115,9,2,1
BRDA:131,10,0,0
BRDA:131,10,1,1
BRDA:188,11,0,0
BRDA:188,11,1,0
BRDA:189,12,0,0
BRDA:189,12,1,0
BRDA:193,13,0,0
BRDA:193,13,1,0
BRDA:196,14,0,0
BRDA:196,14,1,0
BRDA:196,15,0,0
BRDA:196,15,1,0
BRDA:196,15,2,0
BRDA:198,16,0,0
BRDA:198,16,1,0
BRF:37
BRH:21
end_of_record
TN:
SF:controllers\userActivity.js
FN:4,(anonymous_0)
FN:37,(anonymous_1)
FN:70,(anonymous_2)
FN:92,(anonymous_3)
FNF:4
FNH:4
FNDA:1,(anonymous_0)
FNDA:2,(anonymous_1)
FNDA:3,(anonymous_2)
FNDA:2,(anonymous_3)
DA:1,5
DA:5,1
DA:6,1
DA:27,1
DA:28,0
DA:31,1
DA:33,0
DA:38,2
DA:39,2
DA:41,2
DA:62,2
DA:64,1
DA:66,1
DA:71,3
DA:72,3
DA:74,3
DA:76,2
DA:82,2
DA:84,1
DA:86,1
DA:88,2
DA:93,2
DA:94,2
DA:95,2
DA:97,2
DA:98,2
DA:99,2
DA:101,1
DA:103,1
DA:105,1
DA:110,5
LF:31
LH:29
BRDA:27,0,0,0
BRDA:27,0,1,1
BRDA:62,1,0,1
BRDA:62,1,1,1
BRDA:74,2,0,1
BRDA:74,2,1,2
BRDA:82,3,0,1
BRDA:82,3,1,1
BRDA:99,4,0,1
BRDA:99,4,1,1
BRF:10
BRH:9
end_of_record
TN:
SF:controllers\userReward.js
FN:4,(anonymous_0)
FN:33,(anonymous_1)
FN:66,(anonymous_2)
FNF:3
FNH:3
FNDA:1,(anonymous_0)
FNDA:2,(anonymous_1)
FNDA:2,(anonymous_2)
DA:1,5
DA:5,1
DA:6,1
DA:27,1
DA:29,0
DA:34,2
DA:35,2
DA:37,2
DA:58,2
DA:60,1
DA:62,1
DA:67,2
DA:68,2
DA:70,2
DA:72,2
DA:78,2
DA:80,1
DA:82,1
DA:83,1
DA:85,1
DA:87,1
DA:92,5
LF:22
LH:21
BRDA:58,0,0,1
BRDA:58,0,1,1
BRDA:70,1,0,0
BRDA:70,1,1,2
BRDA:78,2,0,1
BRDA:78,2,1,1
BRF:6
BRH:5
end_of_record
TN:
SF:helpers\bcrypt.js
FN:4,hashPassword
FN:8,comparePassword
FNF:2
FNH:2
FNDA:17,hashPassword
FNDA:2,comparePassword
DA:1,5
DA:2,5
DA:5,17
DA:9,2
DA:12,5
LF:5
LH:5
BRF:0
BRH:0
end_of_record
TN:
SF:helpers\imageUploader.js
FN:5,(anonymous_0)
FN:8,(anonymous_1)
FN:14,(anonymous_2)
FN:17,(anonymous_3)
FNF:4
FNH:2
FNDA:0,(anonymous_0)
FNDA:0,(anonymous_1)
FNDA:8,(anonymous_2)
FNDA:8,(anonymous_3)
DA:1,5
DA:2,5
DA:4,5
DA:6,0
DA:9,0
DA:13,5
DA:15,8
DA:18,8
DA:23,5
DA:25,5
DA:27,5
LF:11
LH:9
BRF:0
BRH:0
end_of_record
TN:
SF:helpers\jwt.js
FN:4,signToken
FN:8,verifyToken
FNF:2
FNH:2
FNDA:42,signToken
FNDA:60,verifyToken
DA:1,5
DA:2,5
DA:5,42
DA:9,60
DA:12,5
LF:5
LH:5
BRF:0
BRH:0
end_of_record
TN:
SF:middlewares\authentication.js
FN:4,authentication
FNF:1
FNH:1
FNDA:79,authentication
DA:1,5
DA:2,5
DA:5,79
DA:6,79
DA:7,79
DA:8,79
DA:10,60
DA:11,41
DA:13,41
DA:15,41
DA:16,41
DA:20,41
DA:22,38
DA:26,5
LF:14
LH:14
BRDA:8,0,0,19
BRDA:8,0,1,60
BRDA:11,1,0,0
BRDA:11,1,1,41
BRDA:15,2,0,0
BRDA:15,2,1,41
BRF:6
BRH:4
end_of_record
TN:
SF:middlewares\errorHandler.js
FN:1,errorHandler
FNF:1
FNH:1
FNDA:67,errorHandler
DA:2,67
DA:3,67
DA:5,67
DA:7,67
DA:9,7
DA:10,7
DA:11,7
DA:13,2
DA:14,2
DA:15,2
DA:18,38
DA:19,38
DA:20,38
DA:22,5
DA:23,5
DA:24,5
DA:26,0
DA:28,0
DA:31,1
DA:32,1
DA:33,1
DA:35,10
DA:36,10
DA:37,10
DA:39,1
DA:40,1
DA:41,1
DA:43,1
DA:44,1
DA:45,1
DA:47,2
DA:48,2
DA:49,2
DA:53,67
DA:54,67
DA:57,5
LF:36
LH:34
BRDA:7,0,0,7
BRDA:7,0,1,2
BRDA:7,0,2,19
BRDA:7,0,3,38
BRDA:7,0,4,5
BRDA:7,0,5,0
BRDA:7,0,6,0
BRDA:7,0,7,1
BRDA:7,0,8,10
BRDA:7,0,9,1
BRDA:7,0,10,1
BRDA:7,0,11,2
BRF:12
BRH:10
end_of_record
TN:
SF:middlewares\updateActivityAuthorization.js
FN:4,updateActivityAuthorization
FNF:1
FNH:1
FNDA:4,updateActivityAuthorization
DA:1,5
DA:2,5
DA:5,4
DA:6,4
DA:8,4
DA:10,4
DA:12,3
DA:21,3
DA:23,2
DA:25,2
DA:29,5
LF:11
LH:11
BRDA:10,0,0,1
BRDA:10,0,1,3
BRDA:21,1,0,1
BRDA:21,1,1,2
BRDA:21,2,0,3
BRDA:21,2,1,3
BRF:6
BRH:6
end_of_record
TN:
SF:models\activity.js
FN:5,(anonymous_0)
FN:12,(anonymous_1)
FN:52,(anonymous_2)
FN:69,(anonymous_3)
FNF:4
FNH:4
FNDA:5,(anonymous_0)
FNDA:5,(anonymous_1)
FNDA:6,(anonymous_2)
FNDA:6,(anonymous_3)
DA:4,5
DA:5,5
DA:14,5
DA:17,5
DA:53,6
DA:54,2
DA:70,6
DA:71,2
DA:152,5
LF:9
LH:9
BRDA:53,0,0,2
BRDA:53,0,1,4
BRDA:70,1,0,2
BRDA:70,1,1,4
BRF:4
BRH:4
end_of_record
TN:
SF:models\index.js
FN:21,(anonymous_0)
FN:29,(anonymous_1)
FN:34,(anonymous_2)
FNF:3
FNH:3
FNDA:30,(anonymous_0)
FNDA:25,(anonymous_1)
FNDA:25,(anonymous_2)
DA:3,5
DA:4,5
DA:5,5
DA:6,5
DA:7,5
DA:8,5
DA:9,5
DA:10,5
DA:13,5
DA:14,0
DA:16,5
DA:19,5
DA:22,30
DA:30,25
DA:31,25
DA:34,5
DA:35,25
DA:36,25
DA:40,5
DA:41,5
DA:43,5
LF:21
LH:20
BRDA:8,0,0,5
BRDA:8,0,1,0
BRDA:13,1,0,0
BRDA:13,1,1,5
BRDA:23,2,0,30
BRDA:23,2,1,30
BRDA:23,2,2,25
BRDA:23,2,3,25
BRDA:35,3,0,25
BRDA:35,3,1,0
BRF:10
BRH:7
end_of_record
TN:
SF:models\reward.js
FN:5,(anonymous_0)
FN:12,(anonymous_1)
FNF:2
FNH:2
FNDA:5,(anonymous_0)
FNDA:5,(anonymous_1)
DA:4,5
DA:5,5
DA:14,5
DA:17,5
DA:27,5
LF:5
LH:5
BRF:0
BRH:0
end_of_record
TN:
SF:models\user.js
FN:6,(anonymous_0)
FN:13,(anonymous_1)
FN:77,(anonymous_2)
FNF:3
FNH:3
FNDA:5,(anonymous_0)
FNDA:5,(anonymous_1)
FNDA:2,(anonymous_2)
DA:4,5
DA:5,5
DA:6,5
DA:15,5
DA:16,5
DA:19,5
DA:78,2
DA:82,5
LF:8
LH:8
BRF:0
BRH:0
end_of_record
TN:
SF:models\useractivity.js
FN:5,(anonymous_0)
FN:12,(anonymous_1)
FNF:2
FNH:2
FNDA:5,(anonymous_0)
FNDA:5,(anonymous_1)
DA:4,5
DA:5,5
DA:14,5
DA:15,5
DA:18,5
DA:26,5
LF:6
LH:6
BRF:0
BRH:0
end_of_record
TN:
SF:models\userreward.js
FN:5,(anonymous_0)
FN:12,(anonymous_1)
FNF:2
FNH:2
FNDA:5,(anonymous_0)
FNDA:5,(anonymous_1)
DA:4,5
DA:5,5
DA:14,5
DA:15,5
DA:18,5
DA:26,5
LF:6
LH:6
BRF:0
BRH:0
end_of_record
TN:
SF:routes\activityRouter.js
FNF:0
FNH:0
DA:1,5
DA:2,5
DA:3,5
DA:4,5
DA:5,5
DA:7,5
DA:8,5
DA:9,5
DA:10,5
DA:11,5
DA:12,5
DA:13,5
DA:15,5
LF:13
LH:13
BRF:0
BRH:0
end_of_record
TN:
SF:routes\rewardRouter.js
FNF:0
FNH:0
DA:1,5
DA:2,5
DA:3,5
DA:5,5
DA:6,5
DA:8,5
LF:6
LH:6
BRF:0
BRH:0
end_of_record
TN:
SF:routes\router.js
FNF:0
FNH:0
DA:1,5
DA:2,5
DA:3,5
DA:4,5
DA:5,5
DA:6,5
DA:7,5
DA:8,5
DA:9,5
DA:10,5
DA:12,5
DA:13,5
DA:15,5
DA:17,5
DA:19,5
DA:20,5
DA:21,5
DA:22,5
DA:23,5
DA:25,5
DA:27,5
LF:21
LH:21
BRF:0
BRH:0
end_of_record
TN:
SF:routes\userActivityRouter.js
FNF:0
FNH:0
DA:1,5
DA:2,5
DA:3,5
DA:5,5
DA:6,5
DA:7,5
DA:8,5
DA:10,5
LF:8
LH:8
BRF:0
BRH:0
end_of_record
TN:
SF:routes\userRewardRouter.js
FNF:0
FNH:0
DA:1,5
DA:2,5
DA:3,5
DA:5,5
DA:6,5
DA:7,5
DA:9,5
LF:7
LH:7
BRF:0
BRH:0
end_of_record
TN:
SF:routes\userRouter.js
FNF:0
FNH:0
DA:1,5
DA:2,5
DA:3,5
DA:4,5
DA:6,5
DA:7,5
DA:8,5
DA:9,5
DA:11,5
LF:9
LH:9
BRF:0
BRH:0
end_of_record
